#
# There is insufficient memory for the Java Runtime Environment to continue.
# Native memory allocation (mmap) failed to map 612368384 bytes. Error detail: G1 virtual space
# Possible reasons:
#   The system is out of physical RAM or swap space
#   This process is running with CompressedOops enabled, and the Java Heap may be blocking the growth of the native heap
# Possible solutions:
#   Reduce memory load on the system
#   Increase physical memory or swap space
#   Check if swap backing store is full
#   Decrease Java heap size (-Xmx/-Xms)
#   Decrease number of Java threads
#   Decrease Java thread stack sizes (-Xss)
#   Set larger code cache with -XX:ReservedCodeCacheSize=
#   JVM is running with Zero Based Compressed Oops mode in which the Java heap is
#     placed in the first 32GB address space. The Java Heap base address is the
#     maximum limit for the native heap growth. Please use -XX:HeapBaseMinAddress
#     to set the Java Heap base and to place the Java Heap above 32GB virtual address.
# This output file may be truncated or incomplete.
#
#  Out of Memory Error (os_windows.cpp:3618), pid=1364, tid=15252
#
# JRE version: OpenJDK Runtime Environment Temurin-17.0.19+10 (17.0.19+10) (build 17.0.19+10)
# Java VM: OpenJDK 64-Bit Server VM Temurin-17.0.19+10 (17.0.19+10, mixed mode, sharing, tiered, compressed oops, compressed class ptrs, g1 gc, windows-amd64)
# No core dump will be written. Minidumps are not enabled by default on client versions of Windows
#

---------------  S U M M A R Y ------------

Command Line: --add-opens=java.base/java.lang=ALL-UNNAMED --add-opens=java.base/java.lang.invoke=ALL-UNNAMED --add-opens=java.base/java.util=ALL-UNNAMED --add-opens=java.prefs/java.util.prefs=ALL-UNNAMED --add-exports=jdk.compiler/com.sun.tools.javac.api=ALL-UNNAMED --add-exports=jdk.compiler/com.sun.tools.javac.util=ALL-UNNAMED --add-opens=java.base/java.util=ALL-UNNAMED --add-opens=java.prefs/java.util.prefs=ALL-UNNAMED --add-opens=java.base/java.nio.charset=ALL-UNNAMED --add-opens=java.base/java.net=ALL-UNNAMED --add-opens=java.base/java.util.concurrent.atomic=ALL-UNNAMED --add-opens=java.xml/javax.xml.namespace=ALL-UNNAMED -Xmx4536m -Dfile.encoding=windows-1252 -Duser.country=US -Duser.language=en -Duser.variant -javaagent:C:\Users\client\.gradle\wrapper\dists\gradle-8.11.1-bin\bpt9gzteqjrbo1mjrsomdt32c\gradle-8.11.1\lib\agents\gradle-instrumentation-agent-8.11.1.jar org.gradle.launcher.daemon.bootstrap.GradleDaemon 8.11.1

Host: 12th Gen Intel(R) Core(TM) i5-1235U, 12 cores, 3G,  Windows 11 , 64 bit Build 26100 (10.0.26100.8521)
Time: Tue Jun 16 13:06:33 2026 W. Central Africa Standard Time elapsed time: 194.630326 seconds (0d 0h 3m 14s)

---------------  T H R E A D  ---------------

Current thread (0x0000022460e2f0e0):  VMThread "VM Thread" [stack: 0x00000078faa00000,0x00000078fab00000] [id=15252]

Stack: [0x00000078faa00000,0x00000078fab00000]
Native frames: (J=compiled Java code, j=interpreted, Vv=VM code, C=native code)
V  [jvm.dll+0x684b29]
V  [jvm.dll+0x83a2d5]
V  [jvm.dll+0x83bd4e]
V  [jvm.dll+0x83c3d3]
V  [jvm.dll+0x24905f]
V  [jvm.dll+0x6818e9]
V  [jvm.dll+0x6766ea]
V  [jvm.dll+0x3093b7]
V  [jvm.dll+0x3109a6]
V  [jvm.dll+0x360f1e]
V  [jvm.dll+0x36115d]
V  [jvm.dll+0x2e043c]
V  [jvm.dll+0x2de812]
V  [jvm.dll+0x2ddfac]
V  [jvm.dll+0x320c6b]
V  [jvm.dll+0x840bed]
V  [jvm.dll+0x841923]
V  [jvm.dll+0x841e4f]
V  [jvm.dll+0x842235]
V  [jvm.dll+0x8422fe]
V  [jvm.dll+0x7eaf1c]
V  [jvm.dll+0x6839f7]
C  [ucrtbase.dll+0x2cd30]
C  [KERNEL32.DLL+0x2e957]
C  [ntdll.dll+0x87c1c]

VM_Operation (0x00000078802f9160): G1CollectForAllocation, mode: safepoint, requested by thread 0x00000224a7c4e9e0


---------------  P R O C E S S  ---------------

Threads class SMR info:
_java_thread_list=0x00000224aa3a5460, length=84, elements={
0x000002243ae9dd80, 0x0000022460e35c80, 0x0000022460e36750, 0x0000022460e547e0,
0x0000022460e550b0, 0x0000022460e55980, 0x0000022460e57260, 0x0000022460e5a610,
0x0000022460e7af30, 0x0000022460e7b840, 0x0000022461601ac0, 0x00000224616b54f0,
0x00000224a8b970d0, 0x00000224a87c3960, 0x00000224a87ae010, 0x00000224a81e7450,
0x00000224a81e6520, 0x00000224a81e6010, 0x00000224a81e41b0, 0x00000224a81e3ca0,
0x00000224a81e6f40, 0x00000224a81e46c0, 0x00000224a81e6a30, 0x00000224a81e4bd0,
0x00000224a81e50e0, 0x00000224a81e55f0, 0x00000224a81e5b00, 0x00000224a970a060,
0x00000224a970a570, 0x00000224a970e230, 0x00000224a970c8e0, 0x00000224a970bec0,
0x00000224a970cdf0, 0x00000224a970aa80, 0x00000224a970e740, 0x00000224a970d810,
0x00000224a970dd20, 0x00000224a970af90, 0x00000224a970ec50, 0x00000224a970f160,
0x00000224a970b9b0, 0x00000224a970fb80, 0x00000224a970f670, 0x00000224a9710090,
0x00000224a9710fc0, 0x00000224a97105a0, 0x00000224a9710ab0, 0x00000224a97114d0,
0x00000224a97119e0, 0x00000224ab7fb5f0, 0x00000224ab7fb0e0, 0x00000224ab7fa1b0,
0x00000224ab7f9280, 0x00000224ab7fc010, 0x00000224ab7f8860, 0x00000224ab7fbb00,
0x00000224ab7fc520, 0x00000224ab7f9790, 0x00000224ab7f9ca0, 0x00000224ab7fa6c0,
0x00000224ab7f8d70, 0x00000224ab7fde70, 0x00000224ab7fca30, 0x00000224ab7fd450,
0x00000224ab7fd960, 0x00000224ab7fe380, 0x00000224ab7fcf40, 0x00000224ab7fabd0,
0x00000224ab7fe890, 0x00000224ab7feda0, 0x00000224ab7ff2b0, 0x00000224ab7ff7c0,
0x00000224ab7ffcd0, 0x00000224ab8001e0, 0x00000224a7c4bc50, 0x00000224a7c4d090,
0x00000224a7c4cb80, 0x00000224a7c4e9e0, 0x00000224a7c4d5a0, 0x00000224a7c4eef0,
0x00000224a7c4dab0, 0x00000224a7c4c160, 0x00000224a7c4f400, 0x00000224a9e3a030
}

Java Threads: ( => current thread )
  0x000002243ae9dd80 JavaThread "main" [_thread_blocked, id=17028, stack(0x00000078fa400000,0x00000078fa500000)]
  0x0000022460e35c80 JavaThread "Reference Handler" daemon [_thread_blocked, id=16176, stack(0x00000078fab00000,0x00000078fac00000)]
  0x0000022460e36750 JavaThread "Finalizer" daemon [_thread_blocked, id=14980, stack(0x00000078fac00000,0x00000078fad00000)]
  0x0000022460e547e0 JavaThread "Signal Dispatcher" daemon [_thread_blocked, id=1920, stack(0x00000078fad00000,0x00000078fae00000)]
  0x0000022460e550b0 JavaThread "Attach Listener" daemon [_thread_blocked, id=16616, stack(0x00000078fae00000,0x00000078faf00000)]
  0x0000022460e55980 JavaThread "Service Thread" daemon [_thread_blocked, id=16476, stack(0x00000078faf00000,0x00000078fb000000)]
  0x0000022460e57260 JavaThread "Monitor Deflation Thread" daemon [_thread_blocked, id=6176, stack(0x00000078fb000000,0x00000078fb100000)]
  0x0000022460e5a610 JavaThread "C2 CompilerThread0" daemon [_thread_blocked, id=12708, stack(0x00000078fb100000,0x00000078fb200000)]
  0x0000022460e7af30 JavaThread "C1 CompilerThread0" daemon [_thread_blocked, id=7028, stack(0x00000078fb200000,0x00000078fb300000)]
  0x0000022460e7b840 JavaThread "Sweeper thread" daemon [_thread_blocked, id=2064, stack(0x00000078fb300000,0x00000078fb400000)]
  0x0000022461601ac0 JavaThread "Common-Cleaner" daemon [_thread_blocked, id=13188, stack(0x00000078fb400000,0x00000078fb500000)]
  0x00000224616b54f0 JavaThread "Notification Thread" daemon [_thread_blocked, id=13700, stack(0x00000078fb500000,0x00000078fb600000)]
  0x00000224a8b970d0 JavaThread "Daemon health stats" [_thread_blocked, id=15532, stack(0x00000078fbb00000,0x00000078fbc00000)]
  0x00000224a87c3960 JavaThread "Incoming local TCP Connector on port 56964" [_thread_in_native, id=8564, stack(0x00000078fbc00000,0x00000078fbd00000)]
  0x00000224a87ae010 JavaThread "Daemon periodic checks" [_thread_blocked, id=8064, stack(0x00000078fbd00000,0x00000078fbe00000)]
  0x00000224a81e7450 JavaThread "Daemon" [_thread_blocked, id=10852, stack(0x00000078fbe00000,0x00000078fbf00000)]
  0x00000224a81e6520 JavaThread "Handler for socket connection from /127.0.0.1:56964 to /127.0.0.1:56965" [_thread_in_native, id=8836, stack(0x00000078fc400000,0x00000078fc500000)]
  0x00000224a81e6010 JavaThread "Cancel handler" [_thread_blocked, id=13212, stack(0x00000078fc500000,0x00000078fc600000)]
  0x00000224a81e41b0 JavaThread "Daemon worker" [_thread_blocked, id=13936, stack(0x00000078fc600000,0x00000078fc700000)]
  0x00000224a81e3ca0 JavaThread "Asynchronous log dispatcher for DefaultDaemonConnection: socket connection from /127.0.0.1:56964 to /127.0.0.1:56965" [_thread_blocked, id=14384, stack(0x00000078fc700000,0x00000078fc800000)]
  0x00000224a81e6f40 JavaThread "Stdin handler" [_thread_blocked, id=7932, stack(0x00000078fc800000,0x00000078fc900000)]
  0x00000224a81e46c0 JavaThread "Daemon client event forwarder" [_thread_blocked, id=16992, stack(0x00000078fc900000,0x00000078fca00000)]
  0x00000224a81e6a30 JavaThread "Cache worker for journal cache (C:\Users\client\.gradle\caches\journal-1)" [_thread_blocked, id=4440, stack(0x00000078fca00000,0x00000078fcb00000)]
  0x00000224a81e4bd0 JavaThread "File lock request listener" [_thread_in_native, id=16964, stack(0x00000078fcb00000,0x00000078fcc00000)]
  0x00000224a81e50e0 JavaThread "Cache worker for file hash cache (C:\Users\client\.gradle\caches\8.11.1\fileHashes)" [_thread_blocked, id=1468, stack(0x00000078fcc00000,0x00000078fcd00000)]
  0x00000224a81e55f0 JavaThread "Cache worker for file content cache (C:\Users\client\.gradle\caches\8.11.1\fileContent)" [_thread_blocked, id=2220, stack(0x00000078fce00000,0x00000078fcf00000)]
  0x00000224a81e5b00 JavaThread "Cache worker for file hash cache (C:\Users\client\Desktop\frog-test\android\build\.gradle\8.11.1\fileHashes)" [_thread_blocked, id=12240, stack(0x00000078fcf00000,0x00000078fd000000)]
  0x00000224a970a060 JavaThread "Cache worker for Build Output Cleanup Cache (C:\Users\client\Desktop\frog-test\android\build\.gradle\buildOutputCleanup)" [_thread_blocked, id=7412, stack(0x00000078fd000000,0x00000078fd100000)]
  0x00000224a970a570 JavaThread "File lock release action executor" [_thread_blocked, id=13236, stack(0x00000078fd100000,0x00000078fd200000)]
  0x00000224a970e230 JavaThread "File watcher server" daemon [_thread_in_native, id=14264, stack(0x00000078fd400000,0x00000078fd500000)]
  0x00000224a970c8e0 JavaThread "File watcher consumer" daemon [_thread_blocked, id=340, stack(0x00000078fd500000,0x00000078fd600000)]
  0x00000224a970bec0 JavaThread "Cache worker for checksums cache (C:\Users\client\Desktop\frog-test\android\build\.gradle\8.11.1\checksums)" [_thread_blocked, id=16144, stack(0x00000078fd600000,0x00000078fd700000)]
  0x00000224a970cdf0 JavaThread "Cache worker for cache directory md-rule (C:\Users\client\.gradle\caches\8.11.1\md-rule)" [_thread_blocked, id=10048, stack(0x00000078fcd00000,0x00000078fce00000)]
  0x00000224a970aa80 JavaThread "Cache worker for cache directory md-supplier (C:\Users\client\.gradle\caches\8.11.1\md-supplier)" [_thread_blocked, id=11752, stack(0x00000078fd700000,0x00000078fd800000)]
  0x00000224a970e740 JavaThread "jar transforms" [_thread_blocked, id=2940, stack(0x00000078fd800000,0x00000078fd900000)]
  0x00000224a970d810 JavaThread "jar transforms Thread 2" [_thread_blocked, id=9732, stack(0x00000078fd900000,0x00000078fda00000)]
  0x00000224a970dd20 JavaThread "jar transforms Thread 3" [_thread_blocked, id=15780, stack(0x00000078fda00000,0x00000078fdb00000)]
  0x00000224a970af90 JavaThread "jar transforms Thread 4" [_thread_blocked, id=10308, stack(0x00000078fdb00000,0x00000078fdc00000)]
  0x00000224a970ec50 JavaThread "jar transforms Thread 5" [_thread_blocked, id=11144, stack(0x00000078fdc00000,0x00000078fdd00000)]
  0x00000224a970f160 JavaThread "Unconstrained build operations" [_thread_blocked, id=15984, stack(0x00000078fe000000,0x00000078fe100000)]
  0x00000224a970b9b0 JavaThread "Unconstrained build operations Thread 2" [_thread_blocked, id=16268, stack(0x00000078fe100000,0x00000078fe200000)]
  0x00000224a970fb80 JavaThread "Unconstrained build operations Thread 3" [_thread_blocked, id=16884, stack(0x00000078fe200000,0x00000078fe300000)]
  0x00000224a970f670 JavaThread "Unconstrained build operations Thread 4" [_thread_blocked, id=12060, stack(0x00000078fe300000,0x00000078fe400000)]
  0x00000224a9710090 JavaThread "Unconstrained build operations Thread 5" [_thread_blocked, id=3924, stack(0x00000078fe400000,0x00000078fe500000)]
  0x00000224a9710fc0 JavaThread "Unconstrained build operations Thread 6" [_thread_blocked, id=9128, stack(0x00000078fe500000,0x00000078fe600000)]
  0x00000224a97105a0 JavaThread "Unconstrained build operations Thread 7" [_thread_blocked, id=1772, stack(0x00000078fe600000,0x00000078fe700000)]
  0x00000224a9710ab0 JavaThread "Unconstrained build operations Thread 8" [_thread_blocked, id=14376, stack(0x00000078fe700000,0x00000078fe800000)]
  0x00000224a97114d0 JavaThread "Unconstrained build operations Thread 9" [_thread_blocked, id=10028, stack(0x00000078fe800000,0x00000078fe900000)]
  0x00000224a97119e0 JavaThread "Unconstrained build operations Thread 10" [_thread_blocked, id=12656, stack(0x00000078fe900000,0x00000078fea00000)]
  0x00000224ab7fb5f0 JavaThread "Unconstrained build operations Thread 11" [_thread_blocked, id=2236, stack(0x00000078fea00000,0x00000078feb00000)]
  0x00000224ab7fb0e0 JavaThread "Unconstrained build operations Thread 12" [_thread_blocked, id=7696, stack(0x00000078fa100000,0x00000078fa200000)]
  0x00000224ab7fa1b0 JavaThread "Unconstrained build operations Thread 13" [_thread_blocked, id=15732, stack(0x00000078fa200000,0x00000078fa300000)]
  0x00000224ab7f9280 JavaThread "Unconstrained build operations Thread 14" [_thread_blocked, id=15880, stack(0x00000078fa300000,0x00000078fa400000)]
  0x00000224ab7fc010 JavaThread "Unconstrained build operations Thread 15" [_thread_blocked, id=16576, stack(0x00000078feb00000,0x00000078fec00000)]
  0x00000224ab7f8860 JavaThread "Unconstrained build operations Thread 16" [_thread_blocked, id=12188, stack(0x00000078fec00000,0x00000078fed00000)]
  0x00000224ab7fbb00 JavaThread "Unconstrained build operations Thread 17" [_thread_blocked, id=16828, stack(0x00000078fed00000,0x00000078fee00000)]
  0x00000224ab7fc520 JavaThread "Unconstrained build operations Thread 18" [_thread_blocked, id=11836, stack(0x00000078fee00000,0x00000078fef00000)]
  0x00000224ab7f9790 JavaThread "Unconstrained build operations Thread 19" [_thread_blocked, id=8672, stack(0x00000078fef00000,0x00000078ff000000)]
  0x00000224ab7f9ca0 JavaThread "Unconstrained build operations Thread 20" [_thread_blocked, id=10524, stack(0x00000078ff000000,0x00000078ff100000)]
  0x00000224ab7fa6c0 JavaThread "Unconstrained build operations Thread 21" [_thread_blocked, id=12588, stack(0x00000078ff100000,0x00000078ff200000)]
  0x00000224ab7f8d70 JavaThread "Unconstrained build operations Thread 22" [_thread_blocked, id=5204, stack(0x00000078ff200000,0x00000078ff300000)]
  0x00000224ab7fde70 JavaThread "Unconstrained build operations Thread 23" [_thread_blocked, id=4744, stack(0x00000078fde00000,0x00000078fdf00000)]
  0x00000224ab7fca30 JavaThread "Unconstrained build operations Thread 24" [_thread_blocked, id=16944, stack(0x00000078fdf00000,0x00000078fe000000)]
  0x00000224ab7fd450 JavaThread "Unconstrained build operations Thread 25" [_thread_blocked, id=12040, stack(0x00000078ff400000,0x00000078ff500000)]
  0x00000224ab7fd960 JavaThread "Unconstrained build operations Thread 26" [_thread_blocked, id=3860, stack(0x00000078ff500000,0x00000078ff600000)]
  0x00000224ab7fe380 JavaThread "Unconstrained build operations Thread 27" [_thread_blocked, id=11132, stack(0x00000078ff600000,0x00000078ff700000)]
  0x00000224ab7fcf40 JavaThread "Unconstrained build operations Thread 28" [_thread_blocked, id=1296, stack(0x00000078ff700000,0x00000078ff800000)]
  0x00000224ab7fabd0 JavaThread "Unconstrained build operations Thread 29" [_thread_blocked, id=8792, stack(0x00000078ff800000,0x00000078ff900000)]
  0x00000224ab7fe890 JavaThread "Unconstrained build operations Thread 30" [_thread_blocked, id=16432, stack(0x00000078ff900000,0x00000078ffa00000)]
  0x00000224ab7feda0 JavaThread "Unconstrained build operations Thread 31" [_thread_blocked, id=13776, stack(0x00000078ffa00000,0x00000078ffb00000)]
  0x00000224ab7ff2b0 JavaThread "Unconstrained build operations Thread 32" [_thread_blocked, id=3396, stack(0x00000078ffb00000,0x00000078ffc00000)]
  0x00000224ab7ff7c0 JavaThread "Unconstrained build operations Thread 33" [_thread_blocked, id=2616, stack(0x00000078ffc00000,0x00000078ffd00000)]
  0x00000224ab7ffcd0 JavaThread "Unconstrained build operations Thread 34" [_thread_blocked, id=9436, stack(0x00000078ffd00000,0x00000078ffe00000)]
  0x00000224ab8001e0 JavaThread "Unconstrained build operations Thread 35" [_thread_blocked, id=15804, stack(0x00000078ffe00000,0x00000078fff00000)]
  0x00000224a7c4bc50 JavaThread "Unconstrained build operations Thread 36" [_thread_blocked, id=17096, stack(0x00000078fff00000,0x0000007900000000)]
  0x00000224a7c4d090 JavaThread "Unconstrained build operations Thread 37" [_thread_blocked, id=5348, stack(0x0000007880000000,0x0000007880100000)]
  0x00000224a7c4cb80 JavaThread "Unconstrained build operations Thread 38" [_thread_blocked, id=17000, stack(0x0000007880100000,0x0000007880200000)]
  0x00000224a7c4e9e0 JavaThread "Unconstrained build operations Thread 39" [_thread_blocked, id=12428, stack(0x0000007880200000,0x0000007880300000)]
  0x00000224a7c4d5a0 JavaThread "Unconstrained build operations Thread 40" [_thread_blocked, id=16124, stack(0x0000007880300000,0x0000007880400000)]
  0x00000224a7c4eef0 JavaThread "Unconstrained build operations Thread 41" [_thread_blocked, id=15032, stack(0x0000007880400000,0x0000007880500000)]
  0x00000224a7c4dab0 JavaThread "Unconstrained build operations Thread 42" [_thread_blocked, id=2760, stack(0x0000007880500000,0x0000007880600000)]
  0x00000224a7c4c160 JavaThread "Unconstrained build operations Thread 43" [_thread_blocked, id=3052, stack(0x0000007880600000,0x0000007880700000)]
  0x00000224a7c4f400 JavaThread "Unconstrained build operations Thread 44" [_thread_blocked, id=14736, stack(0x0000007880700000,0x0000007880800000)]
  0x00000224a9e3a030 JavaThread "C2 CompilerThread1" daemon [_thread_blocked, id=13904, stack(0x0000007880900000,0x0000007880a00000)]

Other Threads:
=>0x0000022460e2f0e0 VMThread "VM Thread" [stack: 0x00000078faa00000,0x00000078fab00000] [id=15252]
  0x00000224616b60b0 WatcherThread [stack: 0x00000078fb600000,0x00000078fb700000] [id=13672]
  0x000002243af0d4b0 GCTaskThread "GC Thread#0" [stack: 0x00000078fa500000,0x00000078fa600000] [id=14724]
  0x00000224617ec410 GCTaskThread "GC Thread#1" [stack: 0x00000078fb700000,0x00000078fb800000] [id=11100]
  0x00000224618189b0 GCTaskThread "GC Thread#2" [stack: 0x00000078fb800000,0x00000078fb900000] [id=9764]
  0x00000224a7ba6b90 GCTaskThread "GC Thread#3" [stack: 0x00000078fb900000,0x00000078fba00000] [id=2084]
  0x00000224a7d1d190 GCTaskThread "GC Thread#4" [stack: 0x00000078fba00000,0x00000078fbb00000] [id=648]
  0x00000224a86868a0 GCTaskThread "GC Thread#5" [stack: 0x00000078fbf00000,0x00000078fc000000] [id=6724]
  0x00000224a7c7c7f0 GCTaskThread "GC Thread#6" [stack: 0x00000078fc000000,0x00000078fc100000] [id=8896]
  0x00000224a85db9c0 GCTaskThread "GC Thread#7" [stack: 0x00000078fc100000,0x00000078fc200000] [id=16976]
  0x00000224a85dc250 GCTaskThread "GC Thread#8" [stack: 0x00000078fc200000,0x00000078fc300000] [id=1036]
  0x00000224a85dc510 GCTaskThread "GC Thread#9" [stack: 0x00000078fc300000,0x00000078fc400000] [id=5420]
  0x000002243af170d0 ConcurrentGCThread "G1 Main Marker" [stack: 0x00000078fa600000,0x00000078fa700000] [id=15080]
  0x000002243af17a00 ConcurrentGCThread "G1 Conc#0" [stack: 0x00000078fa700000,0x00000078fa800000] [id=10244]
  0x00000224a9489d50 ConcurrentGCThread "G1 Conc#1" [stack: 0x00000078fd200000,0x00000078fd300000] [id=15600]
  0x00000224aad51c20 ConcurrentGCThread "G1 Conc#2" [stack: 0x00000078fd300000,0x00000078fd400000] [id=9140]
  0x000002243af436a0 ConcurrentGCThread "G1 Refine#0" [stack: 0x00000078fa800000,0x00000078fa900000] [id=10980]
  0x00000224a8bdc650 ConcurrentGCThread "G1 Refine#1" [stack: 0x00000078ff300000,0x00000078ff400000] [id=7492]
  0x00000224a8bdd500 ConcurrentGCThread "G1 Refine#2" [stack: 0x0000007880800000,0x0000007880900000] [id=15256]
  0x0000022460cf33b0 ConcurrentGCThread "G1 Service" [stack: 0x00000078fa900000,0x00000078faa00000] [id=5504]

Threads with active compile tasks:
C2 CompilerThread0  194705 12342       4       org.objectweb.asm.ClassReader::readCode (5117 bytes)
C2 CompilerThread1  194705 12059       4       org.gradle.internal.classpath.transforms.InstrumentingBackwardsCompatibilityVisitor$BackwardCompatibilityMethodVisitor::visitTypeInsn (12 bytes)

VM state: at safepoint (normal execution)

VM Mutex/Monitor currently owned by a thread:  ([mutex/lock_event])
[0x000002243ae9a200] Threads_lock - owner thread: 0x0000022460e2f0e0
[0x000002243ae9b250] Heap_lock - owner thread: 0x00000224a7c4e9e0

Heap address: 0x00000006e4800000, size: 4536 MB, Compressed Oops mode: Zero based, Oop shift amount: 3

CDS archive(s) mapped at: [0x0000022462000000-0x0000022462bb0000-0x0000022462bb0000), size 12255232, SharedBaseAddress: 0x0000022462000000, ArchiveRelocationMode: 1.
Compressed class space mapped at: 0x0000022463000000-0x00000224a3000000, reserved size: 1073741824
Narrow klass base: 0x0000022462000000, Narrow klass shift: 0, Narrow klass range: 0x100000000

GC Precious Log:
 CPUs: 12 total, 12 available
 Memory: 3780M
 Large Page Support: Disabled
 NUMA Support: Disabled
 Compressed Oops: Enabled (Zero based)
 Heap Region Size: 4M
 Heap Min Capacity: 8M
 Heap Initial Capacity: 60M
 Heap Max Capacity: 4536M
 Pre-touch: Disabled
 Parallel Workers: 10
 Concurrent Workers: 3
 Concurrent Refinement Workers: 10
 Periodic GC: Disabled

Heap:
 garbage-first heap   total 598016K, used 103402K [0x00000006e4800000, 0x0000000800000000)
  region size 4096K, 2 young (8192K), 2 survivors (8192K)
 Metaspace       used 64224K, committed 64768K, reserved 1114112K
  class space    used 8565K, committed 8832K, reserved 1048576K

Heap Regions: E=young(eden), S=young(survivor), O=old, HS=humongous(starts), HC=humongous(continues), CS=collection set, F=free, OA=open archive, CA=closed archive, TAMS=top-at-mark-start (previous, next)
|   0|0x00000006e4800000, 0x00000006e4c00000, 0x00000006e4c00000|100%|HS|  |TAMS 0x00000006e4c00000, 0x00000006e4800000| Complete 
|   1|0x00000006e4c00000, 0x00000006e5000000, 0x00000006e5000000|100%| O|  |TAMS 0x00000006e5000000, 0x00000006e4c00000| Untracked 
|   2|0x00000006e5000000, 0x00000006e5400000, 0x00000006e5400000|100%| O|  |TAMS 0x00000006e5400000, 0x00000006e5000000| Untracked 
|   3|0x00000006e5400000, 0x00000006e5800000, 0x00000006e5800000|100%| O|  |TAMS 0x00000006e5800000, 0x00000006e5400000| Untracked 
|   4|0x00000006e5800000, 0x00000006e5c00000, 0x00000006e5c00000|100%| O|  |TAMS 0x00000006e5c00000, 0x00000006e5800000| Untracked 
|   5|0x00000006e5c00000, 0x00000006e6000000, 0x00000006e6000000|100%| O|  |TAMS 0x00000006e6000000, 0x00000006e5c00000| Untracked 
|   6|0x00000006e6000000, 0x00000006e6400000, 0x00000006e6400000|100%| O|  |TAMS 0x00000006e6400000, 0x00000006e6000000| Untracked 
|   7|0x00000006e6400000, 0x00000006e6800000, 0x00000006e6800000|100%| O|  |TAMS 0x00000006e6800000, 0x00000006e6400000| Untracked 
|   8|0x00000006e6800000, 0x00000006e6c00000, 0x00000006e6c00000|100%| O|  |TAMS 0x00000006e6c00000, 0x00000006e6800000| Untracked 
|   9|0x00000006e6c00000, 0x00000006e7000000, 0x00000006e7000000|100%| O|  |TAMS 0x00000006e7000000, 0x00000006e6c00000| Untracked 
|  10|0x00000006e7000000, 0x00000006e7400000, 0x00000006e7400000|100%| O|  |TAMS 0x00000006e7353c00, 0x00000006e7000000| Untracked 
|  11|0x00000006e7400000, 0x00000006e7800000, 0x00000006e7800000|100%| O|  |TAMS 0x00000006e7400000, 0x00000006e7400000| Untracked 
|  12|0x00000006e7800000, 0x00000006e7c00000, 0x00000006e7c00000|100%| O|  |TAMS 0x00000006e7800000, 0x00000006e7800000| Untracked 
|  13|0x00000006e7c00000, 0x00000006e8000000, 0x00000006e8000000|100%| O|  |TAMS 0x00000006e7c00000, 0x00000006e7c00000| Untracked 
|  14|0x00000006e8000000, 0x00000006e8400000, 0x00000006e8400000|100%| O|  |TAMS 0x00000006e8000000, 0x00000006e8000000| Untracked 
|  15|0x00000006e8400000, 0x00000006e8800000, 0x00000006e8800000|100%|HS|  |TAMS 0x00000006e8400000, 0x00000006e8400000| Complete 
|  16|0x00000006e8800000, 0x00000006e8c00000, 0x00000006e8c00000|100%| O|  |TAMS 0x00000006e8800000, 0x00000006e8800000| Untracked 
|  17|0x00000006e8c00000, 0x00000006e9000000, 0x00000006e9000000|100%| O|  |TAMS 0x00000006e8c00000, 0x00000006e8c00000| Untracked 
|  18|0x00000006e9000000, 0x00000006e9400000, 0x00000006e9400000|100%| O|  |TAMS 0x00000006e9000000, 0x00000006e9000000| Untracked 
|  19|0x00000006e9400000, 0x00000006e9800000, 0x00000006e9800000|100%| O|  |TAMS 0x00000006e9400000, 0x00000006e9400000| Untracked 
|  20|0x00000006e9800000, 0x00000006e9c00000, 0x00000006e9c00000|100%| O|  |TAMS 0x00000006e9800000, 0x00000006e9800000| Untracked 
|  21|0x00000006e9c00000, 0x00000006ea000000, 0x00000006ea000000|100%| O|  |TAMS 0x00000006e9c00000, 0x00000006e9c00000| Untracked 
|  22|0x00000006ea000000, 0x00000006ea400000, 0x00000006ea400000|100%| O|  |TAMS 0x00000006ea000000, 0x00000006ea000000| Untracked 
|  23|0x00000006ea400000, 0x00000006ea800000, 0x00000006ea800000|100%| O|  |TAMS 0x00000006ea400000, 0x00000006ea400000| Untracked 
|  24|0x00000006ea800000, 0x00000006ea82d600, 0x00000006eac00000|  4%| O|  |TAMS 0x00000006ea800000, 0x00000006ea800000| Untracked 
|  25|0x00000006eac00000, 0x00000006eac00000, 0x00000006eb000000|  0%| F|  |TAMS 0x00000006eac00000, 0x00000006eac00000| Untracked 
|  26|0x00000006eb000000, 0x00000006eb000000, 0x00000006eb400000|  0%| F|  |TAMS 0x00000006eb000000, 0x00000006eb000000| Untracked 
|  27|0x00000006eb400000, 0x00000006eb400000, 0x00000006eb800000|  0%| F|  |TAMS 0x00000006eb400000, 0x00000006eb400000| Untracked 
|  28|0x00000006eb800000, 0x00000006eb800000, 0x00000006ebc00000|  0%| F|  |TAMS 0x00000006eb800000, 0x00000006eb800000| Untracked 
|  29|0x00000006ebc00000, 0x00000006ebc00000, 0x00000006ec000000|  0%| F|  |TAMS 0x00000006ebc00000, 0x00000006ebc00000| Untracked 
|  30|0x00000006ec000000, 0x00000006ec000000, 0x00000006ec400000|  0%| F|  |TAMS 0x00000006ec000000, 0x00000006ec000000| Untracked 
|  31|0x00000006ec400000, 0x00000006ec400000, 0x00000006ec800000|  0%| F|  |TAMS 0x00000006ec400000, 0x00000006ec400000| Untracked 
|  32|0x00000006ec800000, 0x00000006ec800000, 0x00000006ecc00000|  0%| F|  |TAMS 0x00000006ec800000, 0x00000006ec800000| Untracked 
|  33|0x00000006ecc00000, 0x00000006ecc00000, 0x00000006ed000000|  0%| F|  |TAMS 0x00000006ecc00000, 0x00000006ecc00000| Untracked 
|  34|0x00000006ed000000, 0x00000006ed000000, 0x00000006ed400000|  0%| F|  |TAMS 0x00000006ed000000, 0x00000006ed000000| Untracked 
|  35|0x00000006ed400000, 0x00000006ed400000, 0x00000006ed800000|  0%| F|  |TAMS 0x00000006ed400000, 0x00000006ed400000| Untracked 
|  36|0x00000006ed800000, 0x00000006ed800000, 0x00000006edc00000|  0%| F|  |TAMS 0x00000006ed800000, 0x00000006ed800000| Untracked 
|  37|0x00000006edc00000, 0x00000006edc00000, 0x00000006ee000000|  0%| F|  |TAMS 0x00000006edc00000, 0x00000006edc00000| Untracked 
|  38|0x00000006ee000000, 0x00000006ee000000, 0x00000006ee400000|  0%| F|  |TAMS 0x00000006ee000000, 0x00000006ee000000| Untracked 
|  39|0x00000006ee400000, 0x00000006ee400000, 0x00000006ee800000|  0%| F|  |TAMS 0x00000006ee400000, 0x00000006ee400000| Untracked 
|  40|0x00000006ee800000, 0x00000006ee800000, 0x00000006eec00000|  0%| F|  |TAMS 0x00000006ee800000, 0x00000006ee800000| Untracked 
|  41|0x00000006eec00000, 0x00000006eec00000, 0x00000006ef000000|  0%| F|  |TAMS 0x00000006eec00000, 0x00000006eec00000| Untracked 
|  42|0x00000006ef000000, 0x00000006ef000000, 0x00000006ef400000|  0%| F|  |TAMS 0x00000006ef000000, 0x00000006ef000000| Untracked 
|  43|0x00000006ef400000, 0x00000006ef400000, 0x00000006ef800000|  0%| F|  |TAMS 0x00000006ef400000, 0x00000006ef400000| Untracked 
|  44|0x00000006ef800000, 0x00000006ef800000, 0x00000006efc00000|  0%| F|  |TAMS 0x00000006ef800000, 0x00000006ef800000| Untracked 
|  45|0x00000006efc00000, 0x00000006efc00000, 0x00000006f0000000|  0%| F|  |TAMS 0x00000006efc00000, 0x00000006efc00000| Untracked 
|  46|0x00000006f0000000, 0x00000006f0000000, 0x00000006f0400000|  0%| F|  |TAMS 0x00000006f0000000, 0x00000006f0000000| Untracked 
|  47|0x00000006f0400000, 0x00000006f0400000, 0x00000006f0800000|  0%| F|  |TAMS 0x00000006f0400000, 0x00000006f0400000| Untracked 
|  48|0x00000006f0800000, 0x00000006f0800000, 0x00000006f0c00000|  0%| F|  |TAMS 0x00000006f0800000, 0x00000006f0800000| Untracked 
|  49|0x00000006f0c00000, 0x00000006f0c00000, 0x00000006f1000000|  0%| F|  |TAMS 0x00000006f0c00000, 0x00000006f0c00000| Untracked 
|  50|0x00000006f1000000, 0x00000006f1000000, 0x00000006f1400000|  0%| F|  |TAMS 0x00000006f1000000, 0x00000006f1000000| Untracked 
|  51|0x00000006f1400000, 0x00000006f1400000, 0x00000006f1800000|  0%| F|  |TAMS 0x00000006f1400000, 0x00000006f1400000| Untracked 
|  52|0x00000006f1800000, 0x00000006f1800000, 0x00000006f1c00000|  0%| F|  |TAMS 0x00000006f1800000, 0x00000006f1800000| Untracked 
|  53|0x00000006f1c00000, 0x00000006f1c00000, 0x00000006f2000000|  0%| F|  |TAMS 0x00000006f1c00000, 0x00000006f1c00000| Untracked 
|  54|0x00000006f2000000, 0x00000006f2000000, 0x00000006f2400000|  0%| F|  |TAMS 0x00000006f2000000, 0x00000006f2000000| Untracked 
|  55|0x00000006f2400000, 0x00000006f2400000, 0x00000006f2800000|  0%| F|  |TAMS 0x00000006f2400000, 0x00000006f2400000| Untracked 
|  56|0x00000006f2800000, 0x00000006f2800000, 0x00000006f2c00000|  0%| F|  |TAMS 0x00000006f2800000, 0x00000006f2800000| Untracked 
|  57|0x00000006f2c00000, 0x00000006f2c00000, 0x00000006f3000000|  0%| F|  |TAMS 0x00000006f2c00000, 0x00000006f2c00000| Untracked 
|  58|0x00000006f3000000, 0x00000006f3000000, 0x00000006f3400000|  0%| F|  |TAMS 0x00000006f3000000, 0x00000006f3000000| Untracked 
|  59|0x00000006f3400000, 0x00000006f3400000, 0x00000006f3800000|  0%| F|  |TAMS 0x00000006f3400000, 0x00000006f3400000| Untracked 
|  60|0x00000006f3800000, 0x00000006f3800000, 0x00000006f3c00000|  0%| F|  |TAMS 0x00000006f3800000, 0x00000006f3800000| Untracked 
|  61|0x00000006f3c00000, 0x00000006f3c00000, 0x00000006f4000000|  0%| F|  |TAMS 0x00000006f3c00000, 0x00000006f3c00000| Untracked 
|  62|0x00000006f4000000, 0x00000006f4000000, 0x00000006f4400000|  0%| F|  |TAMS 0x00000006f4000000, 0x00000006f4000000| Untracked 
|  63|0x00000006f4400000, 0x00000006f4400000, 0x00000006f4800000|  0%| F|  |TAMS 0x00000006f4400000, 0x00000006f4400000| Untracked 
|  64|0x00000006f4800000, 0x00000006f4800000, 0x00000006f4c00000|  0%| F|  |TAMS 0x00000006f4800000, 0x00000006f4800000| Untracked 
|  65|0x00000006f4c00000, 0x00000006f4c00000, 0x00000006f5000000|  0%| F|  |TAMS 0x00000006f4c00000, 0x00000006f4c00000| Untracked 
|  66|0x00000006f5000000, 0x00000006f5000000, 0x00000006f5400000|  0%| F|  |TAMS 0x00000006f5000000, 0x00000006f5000000| Untracked 
|  67|0x00000006f5400000, 0x00000006f5400000, 0x00000006f5800000|  0%| F|  |TAMS 0x00000006f5400000, 0x00000006f5400000| Untracked 
|  68|0x00000006f5800000, 0x00000006f5800000, 0x00000006f5c00000|  0%| F|  |TAMS 0x00000006f5800000, 0x00000006f5800000| Untracked 
|  69|0x00000006f5c00000, 0x00000006f5c00000, 0x00000006f6000000|  0%| F|  |TAMS 0x00000006f5c00000, 0x00000006f5c00000| Untracked 
|  70|0x00000006f6000000, 0x00000006f6000000, 0x00000006f6400000|  0%| F|  |TAMS 0x00000006f6000000, 0x00000006f6000000| Untracked 
|  71|0x00000006f6400000, 0x00000006f6400000, 0x00000006f6800000|  0%| F|  |TAMS 0x00000006f6400000, 0x00000006f6400000| Untracked 
|  72|0x00000006f6800000, 0x00000006f6800000, 0x00000006f6c00000|  0%| F|  |TAMS 0x00000006f6800000, 0x00000006f6800000| Untracked 
|  73|0x00000006f6c00000, 0x00000006f6c00000, 0x00000006f7000000|  0%| F|  |TAMS 0x00000006f6c00000, 0x00000006f6c00000| Untracked 
|  74|0x00000006f7000000, 0x00000006f7000000, 0x00000006f7400000|  0%| F|  |TAMS 0x00000006f7000000, 0x00000006f7000000| Untracked 
|  75|0x00000006f7400000, 0x00000006f7400000, 0x00000006f7800000|  0%| F|  |TAMS 0x00000006f7400000, 0x00000006f7400000| Untracked 
|  76|0x00000006f7800000, 0x00000006f7800000, 0x00000006f7c00000|  0%| F|  |TAMS 0x00000006f7800000, 0x00000006f7800000| Untracked 
|  77|0x00000006f7c00000, 0x00000006f7c00000, 0x00000006f8000000|  0%| F|  |TAMS 0x00000006f7c00000, 0x00000006f7c00000| Untracked 
|  78|0x00000006f8000000, 0x00000006f8000000, 0x00000006f8400000|  0%| F|  |TAMS 0x00000006f8000000, 0x00000006f8000000| Untracked 
|  79|0x00000006f8400000, 0x00000006f8400000, 0x00000006f8800000|  0%| F|  |TAMS 0x00000006f8400000, 0x00000006f8400000| Untracked 
|  80|0x00000006f8800000, 0x00000006f8800000, 0x00000006f8c00000|  0%| F|  |TAMS 0x00000006f8800000, 0x00000006f8800000| Untracked 
|  81|0x00000006f8c00000, 0x00000006f8c00000, 0x00000006f9000000|  0%| F|  |TAMS 0x00000006f8c00000, 0x00000006f8c00000| Untracked 
|  82|0x00000006f9000000, 0x00000006f9000000, 0x00000006f9400000|  0%| F|  |TAMS 0x00000006f9000000, 0x00000006f9000000| Untracked 
|  83|0x00000006f9400000, 0x00000006f9400000, 0x00000006f9800000|  0%| F|  |TAMS 0x00000006f9400000, 0x00000006f9400000| Untracked 
|  84|0x00000006f9800000, 0x00000006f9800000, 0x00000006f9c00000|  0%| F|  |TAMS 0x00000006f9800000, 0x00000006f9800000| Untracked 
|  85|0x00000006f9c00000, 0x00000006f9c00000, 0x00000006fa000000|  0%| F|  |TAMS 0x00000006f9c00000, 0x00000006f9c00000| Untracked 
|  86|0x00000006fa000000, 0x00000006fa000000, 0x00000006fa400000|  0%| F|  |TAMS 0x00000006fa000000, 0x00000006fa000000| Untracked 
|  87|0x00000006fa400000, 0x00000006fa400000, 0x00000006fa800000|  0%| F|  |TAMS 0x00000006fa400000, 0x00000006fa400000| Untracked 
|  88|0x00000006fa800000, 0x00000006fa800000, 0x00000006fac00000|  0%| F|  |TAMS 0x00000006fa800000, 0x00000006fa800000| Untracked 
|  89|0x00000006fac00000, 0x00000006fac00000, 0x00000006fb000000|  0%| F|  |TAMS 0x00000006fac00000, 0x00000006fac00000| Untracked 
|  90|0x00000006fb000000, 0x00000006fb000000, 0x00000006fb400000|  0%| F|  |TAMS 0x00000006fb000000, 0x00000006fb000000| Untracked 
|  91|0x00000006fb400000, 0x00000006fb400000, 0x00000006fb800000|  0%| F|  |TAMS 0x00000006fb400000, 0x00000006fb400000| Untracked 
|  92|0x00000006fb800000, 0x00000006fb800000, 0x00000006fbc00000|  0%| F|  |TAMS 0x00000006fb800000, 0x00000006fb800000| Untracked 
|  93|0x00000006fbc00000, 0x00000006fbc00000, 0x00000006fc000000|  0%| F|  |TAMS 0x00000006fbc00000, 0x00000006fbc00000| Untracked 
|  94|0x00000006fc000000, 0x00000006fc0cd550, 0x00000006fc400000| 20%| S|CS|TAMS 0x00000006fc000000, 0x00000006fc000000| Complete 
|  95|0x00000006fc400000, 0x00000006fc800000, 0x00000006fc800000|100%| S|CS|TAMS 0x00000006fc400000, 0x00000006fc400000| Complete 
|  96|0x00000006fc800000, 0x00000006fc800000, 0x00000006fcc00000|  0%| F|  |TAMS 0x00000006fc800000, 0x00000006fc800000| Untracked 
|  97|0x00000006fcc00000, 0x00000006fcc00000, 0x00000006fd000000|  0%| F|  |TAMS 0x00000006fcc00000, 0x00000006fcc00000| Untracked 
|  98|0x00000006fd000000, 0x00000006fd000000, 0x00000006fd400000|  0%| F|  |TAMS 0x00000006fd000000, 0x00000006fd000000| Untracked 
|  99|0x00000006fd400000, 0x00000006fd400000, 0x00000006fd800000|  0%| F|  |TAMS 0x00000006fd400000, 0x00000006fd400000| Untracked 
| 100|0x00000006fd800000, 0x00000006fd800000, 0x00000006fdc00000|  0%| F|  |TAMS 0x00000006fd800000, 0x00000006fd800000| Untracked 
| 101|0x00000006fdc00000, 0x00000006fdc00000, 0x00000006fe000000|  0%| F|  |TAMS 0x00000006fdc00000, 0x00000006fdc00000| Untracked 
| 102|0x00000006fe000000, 0x00000006fe000000, 0x00000006fe400000|  0%| F|  |TAMS 0x00000006fe000000, 0x00000006fe000000| Untracked 
| 103|0x00000006fe400000, 0x00000006fe400000, 0x00000006fe800000|  0%| F|  |TAMS 0x00000006fe400000, 0x00000006fe400000| Untracked 
| 104|0x00000006fe800000, 0x00000006fe800000, 0x00000006fec00000|  0%| F|  |TAMS 0x00000006fe800000, 0x00000006fe800000| Untracked 
| 105|0x00000006fec00000, 0x00000006fec00000, 0x00000006ff000000|  0%| F|  |TAMS 0x00000006fec00000, 0x00000006fec00000| Untracked 
| 106|0x00000006ff000000, 0x00000006ff000000, 0x00000006ff400000|  0%| F|  |TAMS 0x00000006ff000000, 0x00000006ff000000| Untracked 
| 107|0x00000006ff400000, 0x00000006ff400000, 0x00000006ff800000|  0%| F|  |TAMS 0x00000006ff400000, 0x00000006ff400000| Untracked 
| 108|0x00000006ff800000, 0x00000006ff800000, 0x00000006ffc00000|  0%| F|  |TAMS 0x00000006ff800000, 0x00000006ff800000| Untracked 
| 109|0x00000006ffc00000, 0x00000006ffc00000, 0x0000000700000000|  0%| F|  |TAMS 0x00000006ffc00000, 0x00000006ffc00000| Untracked 
| 110|0x0000000700000000, 0x0000000700000000, 0x0000000700400000|  0%| F|  |TAMS 0x0000000700000000, 0x0000000700000000| Untracked 
| 111|0x0000000700400000, 0x0000000700400000, 0x0000000700800000|  0%| F|  |TAMS 0x0000000700400000, 0x0000000700400000| Untracked 
| 112|0x0000000700800000, 0x0000000700800000, 0x0000000700c00000|  0%| F|  |TAMS 0x0000000700800000, 0x0000000700800000| Untracked 
| 113|0x0000000700c00000, 0x0000000700c00000, 0x0000000701000000|  0%| F|  |TAMS 0x0000000700c00000, 0x0000000700c00000| Untracked 
| 114|0x0000000701000000, 0x0000000701000000, 0x0000000701400000|  0%| F|  |TAMS 0x0000000701000000, 0x0000000701000000| Untracked 
| 115|0x0000000701400000, 0x0000000701400000, 0x0000000701800000|  0%| F|  |TAMS 0x0000000701400000, 0x0000000701400000| Untracked 
| 116|0x0000000701800000, 0x0000000701800000, 0x0000000701c00000|  0%| F|  |TAMS 0x0000000701800000, 0x0000000701800000| Untracked 
| 117|0x0000000701c00000, 0x0000000701c00000, 0x0000000702000000|  0%| F|  |TAMS 0x0000000701c00000, 0x0000000701c00000| Untracked 
| 118|0x0000000702000000, 0x0000000702000000, 0x0000000702400000|  0%| F|  |TAMS 0x0000000702000000, 0x0000000702000000| Untracked 
| 119|0x0000000702400000, 0x0000000702400000, 0x0000000702800000|  0%| F|  |TAMS 0x0000000702400000, 0x0000000702400000| Untracked 
| 120|0x0000000702800000, 0x0000000702800000, 0x0000000702c00000|  0%| F|  |TAMS 0x0000000702800000, 0x0000000702800000| Untracked 
| 121|0x0000000702c00000, 0x0000000702c00000, 0x0000000703000000|  0%| F|  |TAMS 0x0000000702c00000, 0x0000000702c00000| Untracked 
| 122|0x0000000703000000, 0x0000000703000000, 0x0000000703400000|  0%| F|  |TAMS 0x0000000703000000, 0x0000000703000000| Untracked 
| 123|0x0000000703400000, 0x0000000703400000, 0x0000000703800000|  0%| F|  |TAMS 0x0000000703400000, 0x0000000703400000| Untracked 
| 124|0x0000000703800000, 0x0000000703800000, 0x0000000703c00000|  0%| F|  |TAMS 0x0000000703800000, 0x0000000703800000| Untracked 
| 125|0x0000000703c00000, 0x0000000703c00000, 0x0000000704000000|  0%| F|  |TAMS 0x0000000703c00000, 0x0000000703c00000| Untracked 
| 126|0x0000000704000000, 0x0000000704000000, 0x0000000704400000|  0%| F|  |TAMS 0x0000000704000000, 0x0000000704000000| Untracked 
| 127|0x0000000704400000, 0x0000000704400000, 0x0000000704800000|  0%| F|  |TAMS 0x0000000704400000, 0x0000000704400000| Untracked 
| 128|0x0000000704800000, 0x0000000704800000, 0x0000000704c00000|  0%| F|  |TAMS 0x0000000704800000, 0x0000000704800000| Untracked 
| 129|0x0000000704c00000, 0x0000000704c00000, 0x0000000705000000|  0%| F|  |TAMS 0x0000000704c00000, 0x0000000704c00000| Untracked 
| 130|0x0000000705000000, 0x0000000705000000, 0x0000000705400000|  0%| F|  |TAMS 0x0000000705000000, 0x0000000705000000| Untracked 
| 131|0x0000000705400000, 0x0000000705400000, 0x0000000705800000|  0%| F|  |TAMS 0x0000000705400000, 0x0000000705400000| Untracked 
| 132|0x0000000705800000, 0x0000000705800000, 0x0000000705c00000|  0%| F|  |TAMS 0x0000000705800000, 0x0000000705800000| Untracked 
| 133|0x0000000705c00000, 0x0000000705c00000, 0x0000000706000000|  0%| F|  |TAMS 0x0000000705c00000, 0x0000000705c00000| Untracked 
| 134|0x0000000706000000, 0x0000000706000000, 0x0000000706400000|  0%| F|  |TAMS 0x0000000706000000, 0x0000000706000000| Untracked 
| 135|0x0000000706400000, 0x0000000706400000, 0x0000000706800000|  0%| F|  |TAMS 0x0000000706400000, 0x0000000706400000| Untracked 
| 136|0x0000000706800000, 0x0000000706800000, 0x0000000706c00000|  0%| F|  |TAMS 0x0000000706800000, 0x0000000706800000| Untracked 
| 137|0x0000000706c00000, 0x0000000706c00000, 0x0000000707000000|  0%| F|  |TAMS 0x0000000706c00000, 0x0000000706c00000| Untracked 
| 138|0x0000000707000000, 0x0000000707000000, 0x0000000707400000|  0%| F|  |TAMS 0x0000000707000000, 0x0000000707000000| Untracked 
| 139|0x0000000707400000, 0x0000000707400000, 0x0000000707800000|  0%| F|  |TAMS 0x0000000707400000, 0x0000000707400000| Untracked 
| 140|0x0000000707800000, 0x0000000707800000, 0x0000000707c00000|  0%| F|  |TAMS 0x0000000707800000, 0x0000000707800000| Untracked 
| 141|0x0000000707c00000, 0x0000000707c00000, 0x0000000708000000|  0%| F|  |TAMS 0x0000000707c00000, 0x0000000707c00000| Untracked 
| 142|0x0000000708000000, 0x0000000708000000, 0x0000000708400000|  0%| F|  |TAMS 0x0000000708000000, 0x0000000708000000| Untracked 
| 143|0x0000000708400000, 0x0000000708400000, 0x0000000708800000|  0%| F|  |TAMS 0x0000000708400000, 0x0000000708400000| Untracked 
| 144|0x0000000708800000, 0x0000000708800000, 0x0000000708c00000|  0%| F|  |TAMS 0x0000000708800000, 0x0000000708800000| Untracked 
| 145|0x0000000708c00000, 0x0000000708c00000, 0x0000000709000000|  0%| F|  |TAMS 0x0000000708c00000, 0x0000000708c00000| Untracked 

Card table byte_map: [0x00000224547c0000,0x00000224550a0000] _byte_map_base: 0x000002245109c000

Marking Bits (Prev, Next): (CMBitMap*) 0x000002243af0d9e0, (CMBitMap*) 0x000002243af0da20
 Prev Bits: [0x0000022455980000, 0x000002245a060000)
 Next Bits: [0x000002245a060000, 0x000002245e740000)

Polling page: 0x000002243af50000

Metaspace:

Usage:
  Non-class:     54.35 MB used.
      Class:      8.36 MB used.
       Both:     62.72 MB used.

Virtual space:
  Non-class space:       64.00 MB reserved,      54.62 MB ( 85%) committed,  1 nodes.
      Class space:        1.00 GB reserved,       8.62 MB ( <1%) committed,  1 nodes.
             Both:        1.06 GB reserved,      63.25 MB (  6%) committed. 

Chunk freelists:
   Non-Class:  9.22 MB
       Class:  7.42 MB
        Both:  16.64 MB

MaxMetaspaceSize: unlimited
CompressedClassSpaceSize: 1.00 GB
Initial GC threshold: 21.00 MB
Current GC threshold: 77.31 MB
CDS: on
MetaspaceReclaimPolicy: balanced
 - commit_granule_bytes: 65536.
 - commit_granule_words: 8192.
 - virtual_space_node_default_size: 8388608.
 - enlarge_chunks_in_place: 1.
 - new_chunks_are_fully_committed: 0.
 - uncommit_free_chunks: 1.
 - use_allocation_guard: 0.
 - handle_deallocations: 1.


Internal statistics:

num_allocs_failed_limit: 6.
num_arena_births: 610.
num_arena_deaths: 2.
num_vsnodes_births: 2.
num_vsnodes_deaths: 0.
num_space_committed: 1012.
num_space_uncommitted: 0.
num_chunks_returned_to_freelist: 12.
num_chunks_taken_from_freelist: 2929.
num_chunk_merges: 7.
num_chunk_splits: 1939.
num_chunks_enlarged: 1355.
num_inconsistent_stats: 0.

CodeHeap 'non-profiled nmethods': size=120000Kb used=6500Kb max_used=6500Kb free=113499Kb
 bounds [0x000002244bd30000, 0x000002244c3c0000, 0x0000022453260000]
CodeHeap 'profiled nmethods': size=120000Kb used=18780Kb max_used=20184Kb free=101219Kb
 bounds [0x0000022444260000, 0x0000022445650000, 0x000002244b790000]
CodeHeap 'non-nmethods': size=5760Kb used=2390Kb max_used=2472Kb free=3369Kb
 bounds [0x000002244b790000, 0x000002244ba10000, 0x000002244bd30000]
 total_blobs=10787 nmethods=9872 adapters=827
 compilation: enabled
              stopped_count=0, restarted_count=0
 full_count=0

Compilation events (20 events):
Event: 194.007 Thread 0x00000224a9e3a030 nmethod 12144 0x000002244c167190 code [0x000002244c167320, 0x000002244c1676d8]
Event: 194.008 Thread 0x00000224a9e3a030 12091       4       org.objectweb.asm.ClassVisitor::visitInnerClass (20 bytes)
Event: 194.009 Thread 0x00000224a9e3a030 nmethod 12091 0x000002244c194e10 code [0x000002244c194fa0, 0x000002244c195078]
Event: 194.009 Thread 0x00000224a9e3a030 12208       4       java.nio.charset.CharsetEncoder::<init> (105 bytes)
Event: 194.021 Thread 0x00000224a9e3a030 nmethod 12208 0x000002244c239010 code [0x000002244c239200, 0x000002244c239b68]
Event: 194.021 Thread 0x00000224a9e3a030 12252       4       java.nio.charset.CharsetEncoder::<init> (16 bytes)
Event: 194.030 Thread 0x00000224a9e3a030 nmethod 12252 0x000002244c22d610 code [0x000002244c22d800, 0x000002244c22e128]
Event: 194.030 Thread 0x00000224a9e3a030 12207   !   4       java.nio.CharBuffer::wrap (20 bytes)
Event: 194.036 Thread 0x00000224a9e3a030 nmethod 12207 0x000002244c268710 code [0x000002244c2688c0, 0x000002244c268c98]
Event: 194.036 Thread 0x00000224a9e3a030 12057       4       java.nio.StringCharBuffer::<init> (41 bytes)
Event: 194.041 Thread 0x00000224a9e3a030 nmethod 12057 0x000002244be1bd10 code [0x000002244be1bea0, 0x000002244be1c298]
Event: 194.042 Thread 0x00000224a9e3a030 12064       4       java.nio.CharBuffer::<init> (14 bytes)
Event: 194.045 Thread 0x00000224a9e3a030 nmethod 12064 0x000002244bfd4b90 code [0x000002244bfd4d20, 0x000002244bfd5038]
Event: 194.045 Thread 0x00000224a9e3a030 12101       4       org.objectweb.asm.MethodWriter::visitTypeInsn (116 bytes)
Event: 194.049 Thread 0x00000224a9e3a030 nmethod 12101 0x000002244c247810 code [0x000002244c2479c0, 0x000002244c247d08]
Event: 194.049 Thread 0x00000224a9e3a030 12259       4       sun.nio.cs.UTF_8::newEncoder (9 bytes)
Event: 194.056 Thread 0x00000224a9e3a030 nmethod 12259 0x000002244c259790 code [0x000002244c259940, 0x000002244c259fd8]
Event: 194.056 Thread 0x00000224a9e3a030 12263       4       org.apache.commons.compress.archivers.zip.NioZipEncoding::newEncoder (53 bytes)
Event: 194.066 Thread 0x00000224a9e3a030 nmethod 12263 0x000002244c1cdc90 code [0x000002244c1cde80, 0x000002244c1ce958]
Event: 194.066 Thread 0x00000224a9e3a030 12059       4       org.gradle.internal.classpath.transforms.InstrumentingBackwardsCompatibilityVisitor$BackwardCompatibilityMethodVisitor::visitTypeInsn (12 bytes)

GC Heap History (20 events):
Event: 168.404 GC heap after
{Heap after GC invocations=47 (full 0):
 garbage-first heap   total 237568K, used 61277K [0x00000006e4800000, 0x0000000800000000)
  region size 4096K, 1 young (4096K), 1 survivors (4096K)
 Metaspace       used 62752K, committed 63296K, reserved 1114112K
  class space    used 8444K, committed 8704K, reserved 1048576K
}
Event: 176.988 GC heap before
{Heap before GC invocations=47 (full 0):
 garbage-first heap   total 237568K, used 196445K [0x00000006e4800000, 0x0000000800000000)
  region size 4096K, 34 young (139264K), 1 survivors (4096K)
 Metaspace       used 63969K, committed 64512K, reserved 1114112K
  class space    used 8550K, committed 8768K, reserved 1048576K
}
Event: 177.072 GC heap after
{Heap after GC invocations=48 (full 0):
 garbage-first heap   total 237568K, used 69502K [0x00000006e4800000, 0x0000000800000000)
  region size 4096K, 2 young (8192K), 2 survivors (8192K)
 Metaspace       used 63969K, committed 64512K, reserved 1114112K
  class space    used 8550K, committed 8768K, reserved 1048576K
}
Event: 178.402 GC heap before
{Heap before GC invocations=48 (full 0):
 garbage-first heap   total 237568K, used 130942K [0x00000006e4800000, 0x0000000800000000)
  region size 4096K, 18 young (73728K), 2 survivors (8192K)
 Metaspace       used 64011K, committed 64512K, reserved 1114112K
  class space    used 8551K, committed 8768K, reserved 1048576K
}
Event: 178.473 GC heap after
{Heap after GC invocations=49 (full 0):
 garbage-first heap   total 237568K, used 70317K [0x00000006e4800000, 0x0000000800000000)
  region size 4096K, 2 young (8192K), 2 survivors (8192K)
 Metaspace       used 64011K, committed 64512K, reserved 1114112K
  class space    used 8551K, committed 8768K, reserved 1048576K
}
Event: 179.300 GC heap before
{Heap before GC invocations=49 (full 0):
 garbage-first heap   total 237568K, used 156333K [0x00000006e4800000, 0x0000000800000000)
  region size 4096K, 24 young (98304K), 2 survivors (8192K)
 Metaspace       used 64085K, committed 64576K, reserved 1114112K
  class space    used 8557K, committed 8768K, reserved 1048576K
}
Event: 179.311 GC heap after
{Heap after GC invocations=50 (full 0):
 garbage-first heap   total 237568K, used 75176K [0x00000006e4800000, 0x0000000800000000)
  region size 4096K, 3 young (12288K), 3 survivors (12288K)
 Metaspace       used 64085K, committed 64576K, reserved 1114112K
  class space    used 8557K, committed 8768K, reserved 1048576K
}
Event: 179.377 GC heap before
{Heap before GC invocations=50 (full 0):
 garbage-first heap   total 237568K, used 87464K [0x00000006e4800000, 0x0000000800000000)
  region size 4096K, 6 young (24576K), 3 survivors (12288K)
 Metaspace       used 64086K, committed 64576K, reserved 1114112K
  class space    used 8557K, committed 8768K, reserved 1048576K
}
Event: 179.492 GC heap after
{Heap after GC invocations=51 (full 0):
 garbage-first heap   total 237568K, used 77680K [0x00000006e4800000, 0x0000000800000000)
  region size 4096K, 1 young (4096K), 1 survivors (4096K)
 Metaspace       used 64086K, committed 64576K, reserved 1114112K
  class space    used 8557K, committed 8768K, reserved 1048576K
}
Event: 179.895 GC heap before
{Heap before GC invocations=51 (full 0):
 garbage-first heap   total 237568K, used 147312K [0x00000006e4800000, 0x0000000800000000)
  region size 4096K, 19 young (77824K), 1 survivors (4096K)
 Metaspace       used 64110K, committed 64640K, reserved 1114112K
  class space    used 8559K, committed 8768K, reserved 1048576K
}
Event: 179.923 GC heap after
{Heap after GC invocations=52 (full 0):
 garbage-first heap   total 598016K, used 88406K [0x00000006e4800000, 0x0000000800000000)
  region size 4096K, 3 young (12288K), 3 survivors (12288K)
 Metaspace       used 64110K, committed 64640K, reserved 1114112K
  class space    used 8559K, committed 8768K, reserved 1048576K
}
Event: 180.283 GC heap before
{Heap before GC invocations=52 (full 0):
 garbage-first heap   total 598016K, used 117078K [0x00000006e4800000, 0x0000000800000000)
  region size 4096K, 10 young (40960K), 3 survivors (12288K)
 Metaspace       used 64112K, committed 64640K, reserved 1114112K
  class space    used 8559K, committed 8768K, reserved 1048576K
}
Event: 180.361 GC heap after
{Heap after GC invocations=53 (full 0):
 garbage-first heap   total 598016K, used 92955K [0x00000006e4800000, 0x0000000800000000)
  region size 4096K, 2 young (8192K), 2 survivors (8192K)
 Metaspace       used 64112K, committed 64640K, reserved 1114112K
  class space    used 8559K, committed 8768K, reserved 1048576K
}
Event: 184.123 GC heap before
{Heap before GC invocations=53 (full 0):
 garbage-first heap   total 598016K, used 166683K [0x00000006e4800000, 0x0000000800000000)
  region size 4096K, 21 young (86016K), 2 survivors (8192K)
 Metaspace       used 64154K, committed 64640K, reserved 1114112K
  class space    used 8559K, committed 8768K, reserved 1048576K
}
Event: 184.181 GC heap after
{Heap after GC invocations=54 (full 0):
 garbage-first heap   total 598016K, used 98769K [0x00000006e4800000, 0x0000000800000000)
  region size 4096K, 3 young (12288K), 3 survivors (12288K)
 Metaspace       used 64154K, committed 64640K, reserved 1114112K
  class space    used 8559K, committed 8768K, reserved 1048576K
}
Event: 185.580 GC heap before
{Heap before GC invocations=54 (full 0):
 garbage-first heap   total 598016K, used 172497K [0x00000006e4800000, 0x0000000800000000)
  region size 4096K, 21 young (86016K), 3 survivors (12288K)
 Metaspace       used 64181K, committed 64704K, reserved 1114112K
  class space    used 8563K, committed 8768K, reserved 1048576K
}
Event: 185.619 GC heap after
{Heap after GC invocations=55 (full 0):
 garbage-first heap   total 598016K, used 103537K [0x00000006e4800000, 0x0000000800000000)
  region size 4096K, 2 young (8192K), 2 survivors (8192K)
 Metaspace       used 64181K, committed 64704K, reserved 1114112K
  class space    used 8563K, committed 8768K, reserved 1048576K
}
Event: 187.357 GC heap before
{Heap before GC invocations=55 (full 0):
 garbage-first heap   total 598016K, used 238705K [0x00000006e4800000, 0x0000000800000000)
  region size 4096K, 35 young (143360K), 2 survivors (8192K)
 Metaspace       used 64207K, committed 64704K, reserved 1114112K
  class space    used 8563K, committed 8768K, reserved 1048576K
}
Event: 187.675 GC heap after
{Heap after GC invocations=56 (full 0):
 garbage-first heap   total 598016K, used 103363K [0x00000006e4800000, 0x0000000800000000)
  region size 4096K, 2 young (8192K), 2 survivors (8192K)
 Metaspace       used 64207K, committed 64704K, reserved 1114112K
  class space    used 8563K, committed 8768K, reserved 1048576K
}
Event: 194.077 GC heap before
{Heap before GC invocations=56 (full 0):
 garbage-first heap   total 598016K, used 299971K [0x00000006e4800000, 0x0000000800000000)
  region size 4096K, 50 young (204800K), 2 survivors (8192K)
 Metaspace       used 64224K, committed 64768K, reserved 1114112K
  class space    used 8565K, committed 8832K, reserved 1048576K
}

Dll operation events (15 events):
Event: 0.016 Loaded shared library C:\Program Files\Eclipse Adoptium\jdk-17.0.19.10-hotspot\bin\java.dll
Event: 0.049 Loaded shared library C:\Program Files\Eclipse Adoptium\jdk-17.0.19.10-hotspot\bin\jsvml.dll
Event: 0.111 Loaded shared library C:\Program Files\Eclipse Adoptium\jdk-17.0.19.10-hotspot\bin\zip.dll
Event: 0.116 Loaded shared library C:\Program Files\Eclipse Adoptium\jdk-17.0.19.10-hotspot\bin\instrument.dll
Event: 0.122 Loaded shared library C:\Program Files\Eclipse Adoptium\jdk-17.0.19.10-hotspot\bin\net.dll
Event: 0.125 Loaded shared library C:\Program Files\Eclipse Adoptium\jdk-17.0.19.10-hotspot\bin\nio.dll
Event: 0.128 Loaded shared library C:\Program Files\Eclipse Adoptium\jdk-17.0.19.10-hotspot\bin\zip.dll
Event: 0.519 Loaded shared library C:\Program Files\Eclipse Adoptium\jdk-17.0.19.10-hotspot\bin\jimage.dll
Event: 0.885 Loaded shared library C:\Program Files\Eclipse Adoptium\jdk-17.0.19.10-hotspot\bin\verify.dll
Event: 1.171 Loaded shared library C:\Users\client\.gradle\native\c067742578af261105cb4f569cf0c3c89f3d7b1fecec35dd04571415982c5e48\windows-amd64\native-platform.dll
Event: 1.184 Loaded shared library C:\Users\client\.gradle\native\100fb08df4bc3b14c8652ba06237920a3bd2aa13389f12d3474272988ae205f9\windows-amd64\native-platform-file-events.dll
Event: 4.781 Loaded shared library C:\Program Files\Eclipse Adoptium\jdk-17.0.19.10-hotspot\bin\management.dll
Event: 4.804 Loaded shared library C:\Program Files\Eclipse Adoptium\jdk-17.0.19.10-hotspot\bin\management_ext.dll
Event: 5.511 Loaded shared library C:\Program Files\Eclipse Adoptium\jdk-17.0.19.10-hotspot\bin\extnet.dll
Event: 6.667 Loaded shared library C:\Program Files\Eclipse Adoptium\jdk-17.0.19.10-hotspot\bin\sunmscapi.dll

Deoptimization events (20 events):
Event: 192.212 Thread 0x00000224a7c4e9e0 Uncommon trap: trap_request=0xffffffde fr.pc=0x000002244c2f9234 relative=0x0000000000000094
Event: 192.212 Thread 0x00000224a7c4e9e0 Uncommon trap: reason=class_check action=maybe_recompile pc=0x000002244c2f9234 method=org.gradle.internal.classpath.transforms.InstrumentingClassTransform.lambda$new$0(Lorg/gradle/internal/classpath/types/InstrumentationTypeRegistry;Ljava/lang/String;Ljav
Event: 192.212 Thread 0x00000224a7c4e9e0 DEOPT PACKING pc=0x000002244c2f9234 sp=0x00000078802fa6f0
Event: 192.212 Thread 0x00000224a7c4e9e0 DEOPT UNPACKING pc=0x000002244b7e69a3 sp=0x00000078802fa618 mode 2
Event: 193.442 Thread 0x00000224a7c4dab0 Uncommon trap: trap_request=0xffffff45 fr.pc=0x000002244c19358c relative=0x0000000000000fcc
Event: 193.442 Thread 0x00000224a7c4dab0 Uncommon trap: reason=unstable_if action=reinterpret pc=0x000002244c19358c method=java.io.BufferedOutputStream.flushBuffer()V @ 4 c2
Event: 193.442 Thread 0x00000224a7c4dab0 DEOPT PACKING pc=0x000002244c19358c sp=0x00000078805fb380
Event: 193.442 Thread 0x00000224a7c4dab0 DEOPT UNPACKING pc=0x000002244b7e69a3 sp=0x00000078805fb310 mode 2
Event: 193.783 Thread 0x00000224a7c4e9e0 Uncommon trap: trap_request=0xffffff45 fr.pc=0x000002244c2886a8 relative=0x00000000000000e8
Event: 193.783 Thread 0x00000224a7c4e9e0 Uncommon trap: reason=unstable_if action=reinterpret pc=0x000002244c2886a8 method=org.gradle.internal.classpath.generated.InterceptorDeclaration_PropertyUpgradesJvmBytecode_LanguageJvm.visitMethodInsn(Lorg/gradle/model/internal/asm/MethodVisitorScope;Ljav
Event: 193.784 Thread 0x00000224a7c4e9e0 DEOPT PACKING pc=0x000002244c2886a8 sp=0x00000078802fa7a0
Event: 193.784 Thread 0x00000224a7c4e9e0 DEOPT UNPACKING pc=0x000002244b7e69a3 sp=0x00000078802fa708 mode 2
Event: 193.874 Thread 0x00000224a7c4e9e0 Uncommon trap: trap_request=0xffffff76 fr.pc=0x000002244c36d340 relative=0x000000000000aba0
Event: 193.874 Thread 0x00000224a7c4e9e0 Uncommon trap: reason=predicate action=maybe_recompile pc=0x000002244c36d340 method=org.objectweb.asm.Label.accept(Lorg/objectweb/asm/MethodVisitor;Z)V @ 48 c2
Event: 193.874 Thread 0x00000224a7c4e9e0 DEOPT PACKING pc=0x000002244c36d340 sp=0x00000078802f9e40
Event: 193.874 Thread 0x00000224a7c4e9e0 DEOPT UNPACKING pc=0x000002244b7e69a3 sp=0x00000078802f9d28 mode 2
Event: 193.874 Thread 0x00000224a7c4e9e0 Uncommon trap: trap_request=0xffffff76 fr.pc=0x000002244c2f8588 relative=0x0000000000000388
Event: 193.874 Thread 0x00000224a7c4e9e0 Uncommon trap: reason=predicate action=maybe_recompile pc=0x000002244c2f8588 method=org.objectweb.asm.Label.accept(Lorg/objectweb/asm/MethodVisitor;Z)V @ 48 c2
Event: 193.874 Thread 0x00000224a7c4e9e0 DEOPT PACKING pc=0x000002244c2f8588 sp=0x00000078802f9d70
Event: 193.874 Thread 0x00000224a7c4e9e0 DEOPT UNPACKING pc=0x000002244b7e69a3 sp=0x00000078802f9d20 mode 2

Classes loaded (20 events):
Event: 85.921 Loading class java/util/concurrent/atomic/Striped64$Cell
Event: 85.925 Loading class java/util/concurrent/atomic/Striped64$Cell done
Event: 99.285 Loading class jdk/internal/misc/ScopedMemoryAccess$Scope$Handle
Event: 99.297 Loading class jdk/internal/misc/ScopedMemoryAccess$Scope$Handle done
Event: 150.781 Loading class sun/reflect/ReflectionFactory
Event: 150.790 Loading class sun/reflect/ReflectionFactory done
Event: 150.790 Loading class sun/reflect/ReflectionFactory$1
Event: 150.795 Loading class sun/reflect/ReflectionFactory$1 done
Event: 150.826 Loading class jdk/internal/reflect/SerializationConstructorAccessorImpl
Event: 150.829 Loading class jdk/internal/reflect/SerializationConstructorAccessorImpl done
Event: 168.059 Loading class java/util/Collections$2
Event: 168.068 Loading class java/util/Collections$2 done
Event: 169.303 Loading class java/util/Collections$UnmodifiableSortedMap
Event: 169.310 Loading class java/util/Collections$UnmodifiableSortedMap done
Event: 169.320 Loading class java/util/zip/Deflater
Event: 169.327 Loading class java/util/zip/Deflater done
Event: 169.343 Loading class java/util/zip/Deflater$DeflaterZStreamRef
Event: 169.345 Loading class java/util/zip/Deflater$DeflaterZStreamRef done
Event: 169.788 Loading class java/util/zip/ZipInputStream
Event: 169.804 Loading class java/util/zip/ZipInputStream done

Classes unloaded (6 events):
Event: 25.671 Thread 0x0000022460e2f0e0 Unloading class 0x00000224635acbb8 '_BuildScript_$_run_closure1$_closure3$_closure5'
Event: 25.671 Thread 0x0000022460e2f0e0 Unloading class 0x00000224635ac7d0 '_BuildScript_$_run_closure1$_closure3$_closure4'
Event: 25.671 Thread 0x0000022460e2f0e0 Unloading class 0x00000224635ac3e8 '_BuildScript_$_run_closure1$_closure3'
Event: 25.671 Thread 0x0000022460e2f0e0 Unloading class 0x00000224635ac000 '_BuildScript_$_run_closure1$_closure2'
Event: 25.671 Thread 0x0000022460e2f0e0 Unloading class 0x00000224635a0400 '_BuildScript_$_run_closure1'
Event: 25.671 Thread 0x0000022460e2f0e0 Unloading class 0x00000224635a0800 '_BuildScript_'

Classes redefined (0 events):
No events

Internal exceptions (20 events):
Event: 169.138 Thread 0x00000224a7c4e9e0 Exception <a 'sun/nio/fs/WindowsException'{0x00000006f26aad50}> (0x00000006f26aad50) 
thrown [s\src\hotspot\share\prims\jni.cpp, line 516]
Event: 173.971 Thread 0x00000224a7c4c160 Exception <a 'sun/nio/fs/WindowsException'{0x00000006efe9efb8}> (0x00000006efe9efb8) 
thrown [s\src\hotspot\share\prims\jni.cpp, line 516]
Event: 176.097 Thread 0x00000224a7c4dab0 Exception <a 'sun/nio/fs/WindowsException'{0x00000006ec12d040}> (0x00000006ec12d040) 
thrown [s\src\hotspot\share\prims\jni.cpp, line 516]
Event: 178.210 Thread 0x00000224a7c4d5a0 Exception <a 'sun/nio/fs/WindowsException'{0x00000006efe31b70}> (0x00000006efe31b70) 
thrown [s\src\hotspot\share\prims\jni.cpp, line 516]
Event: 178.629 Thread 0x00000224a81e41b0 Exception <a 'sun/nio/fs/WindowsException'{0x00000006f28c8518}> (0x00000006f28c8518) 
thrown [s\src\hotspot\share\prims\jni.cpp, line 516]
Event: 178.734 Thread 0x00000224a7c4eef0 Exception <a 'sun/nio/fs/WindowsException'{0x00000006f235c890}> (0x00000006f235c890) 
thrown [s\src\hotspot\share\prims\jni.cpp, line 516]
Event: 178.786 Thread 0x00000224a7c4bc50 Exception <a 'sun/nio/fs/WindowsException'{0x00000006f1e36238}> (0x00000006f1e36238) 
thrown [s\src\hotspot\share\prims\jni.cpp, line 516]
Event: 178.788 Thread 0x00000224a7c4c160 Exception <a 'sun/nio/fs/WindowsException'{0x00000006f1deff38}> (0x00000006f1deff38) 
thrown [s\src\hotspot\share\prims\jni.cpp, line 516]
Event: 178.859 Thread 0x00000224a7c4d090 Exception <a 'sun/nio/fs/WindowsException'{0x00000006f140ae78}> (0x00000006f140ae78) 
thrown [s\src\hotspot\share\prims\jni.cpp, line 516]
Event: 185.244 Thread 0x00000224a7c4d090 Exception <a 'sun/nio/fs/WindowsException'{0x00000007052562b0}> (0x00000007052562b0) 
thrown [s\src\hotspot\share\prims\jni.cpp, line 516]
Event: 185.257 Thread 0x00000224a81e41b0 Exception <a 'sun/nio/fs/WindowsException'{0x0000000705228668}> (0x0000000705228668) 
thrown [s\src\hotspot\share\prims\jni.cpp, line 516]
Event: 185.257 Thread 0x00000224a7c4f400 Exception <a 'sun/nio/fs/WindowsException'{0x0000000705520308}> (0x0000000705520308) 
thrown [s\src\hotspot\share\prims\jni.cpp, line 516]
Event: 185.265 Thread 0x00000224a7c4bc50 Exception <a 'sun/nio/fs/WindowsException'{0x000000070546f5b8}> (0x000000070546f5b8) 
thrown [s\src\hotspot\share\prims\jni.cpp, line 516]
Event: 185.272 Thread 0x00000224a7c4eef0 Exception <a 'sun/nio/fs/WindowsException'{0x000000070521c698}> (0x000000070521c698) 
thrown [s\src\hotspot\share\prims\jni.cpp, line 516]
Event: 185.276 Thread 0x00000224ab7ffcd0 Exception <a 'sun/nio/fs/WindowsException'{0x0000000705340ff0}> (0x0000000705340ff0) 
thrown [s\src\hotspot\share\prims\jni.cpp, line 516]
Event: 185.285 Thread 0x00000224a7c4d5a0 Exception <a 'sun/nio/fs/WindowsException'{0x00000007055cf4e0}> (0x00000007055cf4e0) 
thrown [s\src\hotspot\share\prims\jni.cpp, line 516]
Event: 185.574 Thread 0x00000224ab7ffcd0 Exception <a 'sun/nio/fs/WindowsException'{0x0000000704a0d370}> (0x0000000704a0d370) 
thrown [s\src\hotspot\share\prims\jni.cpp, line 516]
Event: 185.913 Thread 0x00000224a7c4bc50 Exception <a 'sun/nio/fs/WindowsException'{0x0000000708432918}> (0x0000000708432918) 
thrown [s\src\hotspot\share\prims\jni.cpp, line 516]
Event: 188.212 Thread 0x00000224a7c4bc50 Exception <a 'sun/nio/fs/WindowsException'{0x0000000705d47718}> (0x0000000705d47718) 
thrown [s\src\hotspot\share\prims\jni.cpp, line 516]
Event: 192.826 Thread 0x00000224ab7ffcd0 Exception <a 'sun/nio/fs/WindowsException'{0x0000000703ff4138}> (0x0000000703ff4138) 
thrown [s\src\hotspot\share\prims\jni.cpp, line 516]

VM Operations (20 events):
Event: 184.181 Executing VM operation: G1CollectForAllocation done
Event: 184.479 Executing VM operation: HandshakeAllThreads
Event: 184.479 Executing VM operation: HandshakeAllThreads done
Event: 184.582 Executing VM operation: HandshakeAllThreads
Event: 184.595 Executing VM operation: HandshakeAllThreads done
Event: 185.579 Executing VM operation: G1CollectForAllocation
Event: 185.619 Executing VM operation: G1CollectForAllocation done
Event: 186.620 Executing VM operation: Cleanup
Event: 186.635 Executing VM operation: Cleanup done
Event: 187.357 Executing VM operation: G1CollectForAllocation
Event: 187.675 Executing VM operation: G1CollectForAllocation done
Event: 188.678 Executing VM operation: Cleanup
Event: 188.679 Executing VM operation: Cleanup done
Event: 190.693 Executing VM operation: Cleanup
Event: 190.739 Executing VM operation: Cleanup done
Event: 191.751 Executing VM operation: Cleanup
Event: 191.921 Executing VM operation: Cleanup done
Event: 192.922 Executing VM operation: Cleanup
Event: 193.433 Executing VM operation: Cleanup done
Event: 194.077 Executing VM operation: G1CollectForAllocation

Memory protections (0 events):
No events

Nmethod flushes (20 events):
Event: 184.635 Thread 0x0000022460e7b840 flushing  nmethod 0x000002244558d010
Event: 184.635 Thread 0x0000022460e7b840 flushing  nmethod 0x000002244558da10
Event: 184.635 Thread 0x0000022460e7b840 flushing  nmethod 0x0000022445590b90
Event: 184.635 Thread 0x0000022460e7b840 flushing  nmethod 0x0000022445591010
Event: 184.635 Thread 0x0000022460e7b840 flushing  nmethod 0x0000022445591810
Event: 184.635 Thread 0x0000022460e7b840 flushing  nmethod 0x00000224455ba010
Event: 184.635 Thread 0x0000022460e7b840 flushing  nmethod 0x00000224455c8610
Event: 184.635 Thread 0x0000022460e7b840 flushing  nmethod 0x00000224455c9590
Event: 184.635 Thread 0x0000022460e7b840 flushing  nmethod 0x00000224455cde90
Event: 184.635 Thread 0x0000022460e7b840 flushing  nmethod 0x00000224455cee90
Event: 184.635 Thread 0x0000022460e7b840 flushing  nmethod 0x00000224455cf910
Event: 184.635 Thread 0x0000022460e7b840 flushing  nmethod 0x00000224455d0110
Event: 184.635 Thread 0x0000022460e7b840 flushing  nmethod 0x00000224455d0610
Event: 184.635 Thread 0x0000022460e7b840 flushing  nmethod 0x00000224455d1990
Event: 184.635 Thread 0x0000022460e7b840 flushing  nmethod 0x00000224455d1d90
Event: 184.635 Thread 0x0000022460e7b840 flushing  nmethod 0x00000224455d2610
Event: 184.635 Thread 0x0000022460e7b840 flushing  nmethod 0x00000224455d2f10
Event: 184.635 Thread 0x0000022460e7b840 flushing  nmethod 0x00000224455d5010
Event: 184.635 Thread 0x0000022460e7b840 flushing  nmethod 0x00000224455d5590
Event: 184.635 Thread 0x0000022460e7b840 flushing  nmethod 0x00000224455dc890

Events (20 events):
Event: 152.630 Thread 0x00000224a81e41b0 Thread added: 0x00000224ab7fd960
Event: 152.635 Thread 0x00000224a81e41b0 Thread added: 0x00000224ab7fe380
Event: 152.646 Thread 0x00000224a81e41b0 Thread added: 0x00000224ab7fcf40
Event: 152.654 Thread 0x00000224a81e41b0 Thread added: 0x00000224ab7fabd0
Event: 152.667 Thread 0x00000224a81e41b0 Thread added: 0x00000224ab7fe890
Event: 152.672 Thread 0x00000224a81e41b0 Thread added: 0x00000224ab7feda0
Event: 152.678 Thread 0x00000224a81e41b0 Thread added: 0x00000224ab7ff2b0
Event: 152.687 Thread 0x00000224a81e41b0 Thread added: 0x00000224ab7ff7c0
Event: 164.404 Thread 0x00000224a81e41b0 Thread added: 0x00000224ab7ffcd0
Event: 164.413 Thread 0x00000224a81e41b0 Thread added: 0x00000224ab8001e0
Event: 164.453 Thread 0x00000224a81e41b0 Thread added: 0x00000224a7c4bc50
Event: 164.499 Thread 0x00000224a81e41b0 Thread added: 0x00000224a7c4d090
Event: 164.534 Thread 0x00000224a81e41b0 Thread added: 0x00000224a7c4cb80
Event: 164.552 Thread 0x00000224a81e41b0 Thread added: 0x00000224a7c4e9e0
Event: 164.555 Thread 0x00000224a81e41b0 Thread added: 0x00000224a7c4d5a0
Event: 164.558 Thread 0x00000224a81e41b0 Thread added: 0x00000224a7c4eef0
Event: 164.560 Thread 0x00000224a81e41b0 Thread added: 0x00000224a7c4dab0
Event: 164.562 Thread 0x00000224a81e41b0 Thread added: 0x00000224a7c4c160
Event: 164.564 Thread 0x00000224a81e41b0 Thread added: 0x00000224a7c4f400
Event: 192.247 Thread 0x0000022460e5a610 Thread added: 0x00000224a9e3a030


Dynamic libraries:
0x00007ff72e310000 - 0x00007ff72e31e000 	C:\Program Files\Eclipse Adoptium\jdk-17.0.19.10-hotspot\bin\java.exe
0x00007ffc16c00000 - 0x00007ffc16e66000 	C:\WINDOWS\SYSTEM32\ntdll.dll
0x00007ffc15bb0000 - 0x00007ffc15c79000 	C:\WINDOWS\System32\KERNEL32.DLL
0x00007ffc13fc0000 - 0x00007ffc143ba000 	C:\WINDOWS\System32\KERNELBASE.dll
0x00007ffc143c0000 - 0x00007ffc1450c000 	C:\WINDOWS\System32\ucrtbase.dll
0x00007ffbd2a50000 - 0x00007ffbd2a6e000 	C:\Program Files\Eclipse Adoptium\jdk-17.0.19.10-hotspot\bin\VCRUNTIME140.dll
0x00007ffbd2960000 - 0x00007ffbd2978000 	C:\Program Files\Eclipse Adoptium\jdk-17.0.19.10-hotspot\bin\jli.dll
0x00007ffc162a0000 - 0x00007ffc16467000 	C:\WINDOWS\System32\USER32.dll
0x00007ffbf8e70000 - 0x00007ffbf9102000 	C:\WINDOWS\WinSxS\amd64_microsoft.windows.common-controls_6595b64144ccf1df_6.0.26100.8521_none_3e08b75ce33403b3\COMCTL32.dll
0x00007ffc14880000 - 0x00007ffc148a7000 	C:\WINDOWS\System32\win32u.dll
0x00007ffc15b00000 - 0x00007ffc15b2b000 	C:\WINDOWS\System32\GDI32.dll
0x00007ffc14b30000 - 0x00007ffc14bd9000 	C:\WINDOWS\System32\msvcrt.dll
0x00007ffc13e90000 - 0x00007ffc13fbb000 	C:\WINDOWS\System32\gdi32full.dll
0x00007ffc14650000 - 0x00007ffc146f3000 	C:\WINDOWS\System32\msvcp_win.dll
0x00007ffc15d80000 - 0x00007ffc15db2000 	C:\WINDOWS\System32\IMM32.DLL
0x00007ffbfebe0000 - 0x00007ffbfebec000 	C:\Program Files\Eclipse Adoptium\jdk-17.0.19.10-hotspot\bin\vcruntime140_1.dll
0x00007ffbc73d0000 - 0x00007ffbc745d000 	C:\Program Files\Eclipse Adoptium\jdk-17.0.19.10-hotspot\bin\msvcp140.dll
0x00007ffb717a0000 - 0x00007ffb7240c000 	C:\Program Files\Eclipse Adoptium\jdk-17.0.19.10-hotspot\bin\server\jvm.dll
0x00007ffc14f70000 - 0x00007ffc15026000 	C:\WINDOWS\System32\ADVAPI32.dll
0x00007ffc14970000 - 0x00007ffc14a1a000 	C:\WINDOWS\System32\sechost.dll
0x00007ffc157c0000 - 0x00007ffc158d8000 	C:\WINDOWS\System32\RPCRT4.dll
0x00007ffc15970000 - 0x00007ffc159f0000 	C:\WINDOWS\System32\WS2_32.dll
0x00007ffc13cf0000 - 0x00007ffc13d4e000 	C:\WINDOWS\SYSTEM32\POWRPROF.dll
0x00007ffbf1440000 - 0x00007ffbf144b000 	C:\WINDOWS\SYSTEM32\VERSION.dll
0x00007ffc10af0000 - 0x00007ffc10b26000 	C:\WINDOWS\SYSTEM32\WINMM.dll
0x00007ffc13cd0000 - 0x00007ffc13ce4000 	C:\WINDOWS\SYSTEM32\UMPDC.dll
0x00007ffc12be0000 - 0x00007ffc12bfb000 	C:\WINDOWS\SYSTEM32\kernel.appcore.dll
0x00007ffbd4390000 - 0x00007ffbd439a000 	C:\Program Files\Eclipse Adoptium\jdk-17.0.19.10-hotspot\bin\jimage.dll
0x00007ffc11430000 - 0x00007ffc11672000 	C:\WINDOWS\SYSTEM32\DBGHELP.DLL
0x00007ffc14be0000 - 0x00007ffc14f63000 	C:\WINDOWS\System32\combase.dll
0x00007ffc16970000 - 0x00007ffc16a49000 	C:\WINDOWS\System32\OLEAUT32.dll
0x00007ffbec150000 - 0x00007ffbec18b000 	C:\WINDOWS\SYSTEM32\dbgcore.DLL
0x00007ffc145a0000 - 0x00007ffc14648000 	C:\WINDOWS\System32\bcryptPrimitives.dll
0x00007ffbd23c0000 - 0x00007ffbd23ce000 	C:\Program Files\Eclipse Adoptium\jdk-17.0.19.10-hotspot\bin\instrument.dll
0x00007ffbc81e0000 - 0x00007ffbc8205000 	C:\Program Files\Eclipse Adoptium\jdk-17.0.19.10-hotspot\bin\java.dll
0x00007ffbc72f0000 - 0x00007ffbc73c7000 	C:\Program Files\Eclipse Adoptium\jdk-17.0.19.10-hotspot\bin\jsvml.dll
0x00007ffc15030000 - 0x00007ffc157b4000 	C:\WINDOWS\System32\SHELL32.dll
0x00007ffc11a10000 - 0x00007ffc12290000 	C:\WINDOWS\SYSTEM32\windows.storage.dll
0x00007ffc14a20000 - 0x00007ffc14b16000 	C:\WINDOWS\System32\SHCORE.dll
0x00007ffc15c80000 - 0x00007ffc15ce7000 	C:\WINDOWS\System32\shlwapi.dll
0x00007ffc13db0000 - 0x00007ffc13dd9000 	C:\WINDOWS\SYSTEM32\profapi.dll
0x00007ffbd09d0000 - 0x00007ffbd09e8000 	C:\Program Files\Eclipse Adoptium\jdk-17.0.19.10-hotspot\bin\zip.dll
0x00007ffbd28c0000 - 0x00007ffbd28da000 	C:\Program Files\Eclipse Adoptium\jdk-17.0.19.10-hotspot\bin\net.dll
0x00007ffc034f0000 - 0x00007ffc03619000 	C:\WINDOWS\SYSTEM32\WINHTTP.dll
0x00007ffc13130000 - 0x00007ffc1319c000 	C:\WINDOWS\system32\mswsock.dll
0x00007ffbd2840000 - 0x00007ffbd2856000 	C:\Program Files\Eclipse Adoptium\jdk-17.0.19.10-hotspot\bin\nio.dll
0x00007ffbd3e30000 - 0x00007ffbd3e40000 	C:\Program Files\Eclipse Adoptium\jdk-17.0.19.10-hotspot\bin\verify.dll
0x00007ffbc2860000 - 0x00007ffbc2887000 	C:\Users\client\.gradle\native\c067742578af261105cb4f569cf0c3c89f3d7b1fecec35dd04571415982c5e48\windows-amd64\native-platform.dll
0x00007ffbb5090000 - 0x00007ffbb51d4000 	C:\Users\client\.gradle\native\100fb08df4bc3b14c8652ba06237920a3bd2aa13389f12d3474272988ae205f9\windows-amd64\native-platform-file-events.dll
0x00007ffbd3e20000 - 0x00007ffbd3e2a000 	C:\Program Files\Eclipse Adoptium\jdk-17.0.19.10-hotspot\bin\management.dll
0x00007ffbd2880000 - 0x00007ffbd288c000 	C:\Program Files\Eclipse Adoptium\jdk-17.0.19.10-hotspot\bin\management_ext.dll
0x00007ffc14b20000 - 0x00007ffc14b28000 	C:\WINDOWS\System32\PSAPI.DLL
0x00007ffc13530000 - 0x00007ffc1354b000 	C:\WINDOWS\SYSTEM32\CRYPTSP.dll
0x00007ffc12b40000 - 0x00007ffc12b79000 	C:\WINDOWS\system32\rsaenh.dll
0x00007ffc131e0000 - 0x00007ffc13213000 	C:\WINDOWS\SYSTEM32\USERENV.dll
0x00007ffc13d80000 - 0x00007ffc13daa000 	C:\WINDOWS\SYSTEM32\bcrypt.dll
0x00007ffc13390000 - 0x00007ffc1339c000 	C:\WINDOWS\SYSTEM32\CRYPTBASE.dll
0x00007ffc12700000 - 0x00007ffc12733000 	C:\WINDOWS\SYSTEM32\IPHLPAPI.DLL
0x00007ffc15930000 - 0x00007ffc1593a000 	C:\WINDOWS\System32\NSI.dll
0x00007ffc038b0000 - 0x00007ffc038cd000 	C:\WINDOWS\SYSTEM32\dhcpcsvc6.DLL
0x00007ffc03880000 - 0x00007ffc038a5000 	C:\WINDOWS\SYSTEM32\dhcpcsvc.DLL
0x00007ffc12740000 - 0x00007ffc1288a000 	C:\WINDOWS\SYSTEM32\DNSAPI.dll
0x00007ffc12f50000 - 0x00007ffc12f5d000 	C:\WINDOWS\SYSTEM32\DSPARSE.dll
0x00007ffbd2f70000 - 0x00007ffbd2f79000 	C:\Program Files\Eclipse Adoptium\jdk-17.0.19.10-hotspot\bin\extnet.dll
0x00007ffbd3e10000 - 0x00007ffbd3e1e000 	C:\Program Files\Eclipse Adoptium\jdk-17.0.19.10-hotspot\bin\sunmscapi.dll
0x00007ffc14700000 - 0x00007ffc14878000 	C:\WINDOWS\System32\CRYPT32.dll
0x00007ffc13690000 - 0x00007ffc136c0000 	C:\WINDOWS\SYSTEM32\ncrypt.dll
0x00007ffc13640000 - 0x00007ffc1367f000 	C:\WINDOWS\SYSTEM32\NTASN1.dll
0x00007ffbf4330000 - 0x00007ffbf4338000 	C:\WINDOWS\system32\wshunix.dll
0x00007ffc03940000 - 0x00007ffc0394b000 	C:\Windows\System32\rasadhlp.dll
0x00007ffc03990000 - 0x00007ffc03a16000 	C:\WINDOWS\System32\fwpuclnt.dll

dbghelp: loaded successfully - version: 4.0.5 - missing functions: none
symbol engine: initialized successfully - sym options: 0x614 - pdb path: .;C:\Program Files\Eclipse Adoptium\jdk-17.0.19.10-hotspot\bin;C:\WINDOWS\SYSTEM32;C:\WINDOWS\WinSxS\amd64_microsoft.windows.common-controls_6595b64144ccf1df_6.0.26100.8521_none_3e08b75ce33403b3;C:\Program Files\Eclipse Adoptium\jdk-17.0.19.10-hotspot\bin\server;C:\Users\client\.gradle\native\c067742578af261105cb4f569cf0c3c89f3d7b1fecec35dd04571415982c5e48\windows-amd64;C:\Users\client\.gradle\native\100fb08df4bc3b14c8652ba06237920a3bd2aa13389f12d3474272988ae205f9\windows-amd64

VM Arguments:
jvm_args: --add-opens=java.base/java.lang=ALL-UNNAMED --add-opens=java.base/java.lang.invoke=ALL-UNNAMED --add-opens=java.base/java.util=ALL-UNNAMED --add-opens=java.prefs/java.util.prefs=ALL-UNNAMED --add-exports=jdk.compiler/com.sun.tools.javac.api=ALL-UNNAMED --add-exports=jdk.compiler/com.sun.tools.javac.util=ALL-UNNAMED --add-opens=java.base/java.util=ALL-UNNAMED --add-opens=java.prefs/java.util.prefs=ALL-UNNAMED --add-opens=java.base/java.nio.charset=ALL-UNNAMED --add-opens=java.base/java.net=ALL-UNNAMED --add-opens=java.base/java.util.concurrent.atomic=ALL-UNNAMED --add-opens=java.xml/javax.xml.namespace=ALL-UNNAMED -Xmx4536m -Dfile.encoding=windows-1252 -Duser.country=US -Duser.language=en -Duser.variant -javaagent:C:\Users\client\.gradle\wrapper\dists\gradle-8.11.1-bin\bpt9gzteqjrbo1mjrsomdt32c\gradle-8.11.1\lib\agents\gradle-instrumentation-agent-8.11.1.jar 
java_command: org.gradle.launcher.daemon.bootstrap.GradleDaemon 8.11.1
java_class_path (initial): C:\Users\client\.gradle\wrapper\dists\gradle-8.11.1-bin\bpt9gzteqjrbo1mjrsomdt32c\gradle-8.11.1\lib\gradle-daemon-main-8.11.1.jar
Launcher Type: SUN_STANDARD

[Global flags]
     intx CICompilerCount                          = 4                                         {product} {ergonomic}
     uint ConcGCThreads                            = 3                                         {product} {ergonomic}
     uint G1ConcRefinementThreads                  = 10                                        {product} {ergonomic}
   size_t G1HeapRegionSize                         = 4194304                                   {product} {ergonomic}
    uintx GCDrainStackTargetSize                   = 64                                        {product} {ergonomic}
   size_t InitialHeapSize                          = 62914560                                  {product} {ergonomic}
   size_t MarkStackSize                            = 4194304                                   {product} {ergonomic}
   size_t MaxHeapSize                              = 4756340736                                {product} {command line}
   size_t MaxNewSize                               = 2852126720                                {product} {ergonomic}
   size_t MinHeapDeltaBytes                        = 4194304                                   {product} {ergonomic}
   size_t MinHeapSize                              = 8388608                                   {product} {ergonomic}
    uintx NonNMethodCodeHeapSize                   = 5839372                                {pd product} {ergonomic}
    uintx NonProfiledCodeHeapSize                  = 122909434                              {pd product} {ergonomic}
    uintx ProfiledCodeHeapSize                     = 122909434                              {pd product} {ergonomic}
    uintx ReservedCodeCacheSize                    = 251658240                              {pd product} {ergonomic}
     bool SegmentedCodeCache                       = true                                      {product} {ergonomic}
   size_t SoftMaxHeapSize                          = 4756340736                             {manageable} {ergonomic}
     bool UseCompressedClassPointers               = true                           {product lp64_product} {ergonomic}
     bool UseCompressedOops                        = true                           {product lp64_product} {ergonomic}
     bool UseG1GC                                  = true                                      {product} {ergonomic}
     bool UseLargePagesIndividualAllocation        = false                                  {pd product} {ergonomic}

Logging:
Log output configuration:
 #0: stdout all=warning uptime,level,tags
 #1: stderr all=off uptime,level,tags

Environment Variables:
JAVA_HOME=C:/Program Files/Eclipse Adoptium/jdk-17.0.19.10-hotspot
CLASSPATH=C:\Users\client\Desktop\frog-test\android\build\\gradle\wrapper\gradle-wrapper.jar
PATH=C:\Program Files\Eclipse Adoptium\jdk-17.0.19.10-hotspot\bin;C:\WINDOWS\system32;C:\WINDOWS;C:\WINDOWS\System32\Wbem;C:\WINDOWS\System32\WindowsPowerShell\v1.0\;C:\WINDOWS\System32\OpenSSH\;C:\Program Files\dotnet\;C:\Program Files\Apollo;C:\Program Files\Apollo\tools;C:\Program Files\Git\cmd;C:\flutter\bin;C:\Program Files\nodejs\;C:\Program Files\GitHub CLI\;C:\Users\client\AppData\Local\Programs\Python\Python313\Scripts\;C:\Users\client\AppData\Local\Programs\Python\Python313\;C:\Users\client\AppData\Local\Microsoft\WindowsApps;C:\Users\client\AppData\Local\Programs\Microsoft VS Code\bin;C:\Users\client\Desktop\New folder\flutter_windows_3.35.3-stable\flutter\bin;C:\Users\client\Desktop\development\flutter_windows_3.35.3-stable\flutter\bin;C:\Users\client\Desktop\New folder\flutter_windows_3.38.8-stable\flutter\bin;C:\Users\client\AppData\Roaming\npm;C:\Users\client\Desktop\flutter\bin;C:\Program Files\Eclipse Adoptium\jdk-17.0.19.10-hotspot\bin;C:\Android\Sdk\platform-tools;C:\Android\Sdk\cmdline-tools\latest\bin;
USERNAME=client
OS=Windows_NT
PROCESSOR_IDENTIFIER=Intel64 Family 6 Model 154 Stepping 4, GenuineIntel
TMP=C:\Users\client\AppData\Local\Temp
TEMP=C:\Users\client\AppData\Local\Temp



Periodic native trim disabled


---------------  S Y S T E M  ---------------

OS:
 Windows 11 , 64 bit Build 26100 (10.0.26100.8521)
OS uptime: 0 days 1:57 hours
Hyper-V role detected

CPU: total 12 (initial active 12) (6 cores per cpu, 2 threads per core) family 6 model 154 stepping 4 microcode 0x43b, cx8, cmov, fxsr, ht, mmx, 3dnowpref, sse, sse2, sse3, ssse3, sse4.1, sse4.2, popcnt, lzcnt, tsc, tscinvbit, avx, avx2, aes, erms, clmul, bmi1, bmi2, adx, sha, fma, vzeroupper, clflush, clflushopt, clwb, hv
Processor Information for all 12 processors :
  Max Mhz: 1300, Current Mhz: 1300, Mhz Limit: 1300

Memory: 4k page, system-wide physical 3780M (335M free)
TotalPageFile size 11968M (AvailPageFile size 455M)
current process WorkingSet (physical memory assigned to process): 313M, peak: 342M
current process commit charge ("private bytes"): 864M, peak: 1448M

vm_info: OpenJDK 64-Bit Server VM (17.0.19+10) for windows-amd64 JRE (17.0.19+10), built on Apr 25 2026 08:04:44 by "admin" with MS VC++ 17.12 (VS2022)

END.
